
*** Running vivado
    with args -log design_1_wrapper.vdi -applog -m64 -product Vivado -messageDb vivado.pb -mode batch -source design_1_wrapper.tcl -notrace


****** Vivado v2025.2 (64-bit)
  **** SW Build 6299465 on Fri Nov 14 12:34:56 MST 2025
  **** IP Build 6300035 on Fri Nov 14 10:48:45 MST 2025
  **** SharedData Build 6298862 on Thu Nov 13 04:50:51 MST 2025
  **** Start of session at: Wed Jul 15 09:45:35 2026
    ** Copyright 1986-2022 Xilinx, Inc. All Rights Reserved.
    ** Copyright 2022-2025 Advanced Micro Devices, Inc. All Rights Reserved.

WARNING: [Runs 36-547] User Strategy 'Vivado Implementation Defaults' from file '/home/kokunev/.Xilinx/Vivado/2025.2/strategies/Vivado Implementation Defaults.Vivado Implementation 2025.psg' discarded because strategy with same name already parsed from '/opt/Xilinx/2025.2/Vivado/strategies/VDI2025.psg'
WARNING: [Runs 36-547] User Strategy 'Vivado Implementation Defaults' from file '/home/kokunev/.Xilinx/Vivado/2025.2/strategies/Vivado Implementation Defaults_2.Vivado Implementation 2025.psg' discarded because strategy with same name already parsed from '/opt/Xilinx/2025.2/Vivado/strategies/VDI2025.psg'
source design_1_wrapper.tcl -notrace
INFO: [IP_Flow 19-234] Refreshing IP repositories
INFO: [IP_Flow 19-1704] No user IP repositories specified
INFO: [IP_Flow 19-2313] Loaded Vivado IP repository '/opt/Xilinx/2025.2/data/ip'.
Command: link_design -top design_1_wrapper -part xc7a100tfgg484-2
Design is defaulting to srcset: sources_1
Design is defaulting to constrset: constrs_1
INFO: [Device 21-403] Loading part xc7a100tfgg484-2
Netlist sorting complete. Time (s): cpu = 00:00:00.51 ; elapsed = 00:00:00.51 . Memory (MB): peak = 2023.855 ; gain = 0.000 ; free physical = 23745 ; free virtual = 53632
INFO: [Netlist 29-17] Analyzing 6448 Unisim elements for replacement
INFO: [Netlist 29-28] Unisim Transformation completed in 0 CPU seconds
WARNING: [Netlist 29-1115] Found multi-term driver net: design_1_i/util_ds_buf_0/U0/<const0>.
INFO: [Project 1-479] Netlist was created with Vivado 2025.2
INFO: [Project 1-570] Preparing netlist for logic optimization
Parsing XDC File [/home/kokunev/data/git_root/laser_board_xdma_plus_ddr_2/project_1/project_1.gen/sources_1/bd/design_1/ip/design_1_util_ds_buf_0_0/design_1_util_ds_buf_0_0_board.xdc] for cell 'design_1_i/util_ds_buf_0/U0'
Finished Parsing XDC File [/home/kokunev/data/git_root/laser_board_xdma_plus_ddr_2/project_1/project_1.gen/sources_1/bd/design_1/ip/design_1_util_ds_buf_0_0/design_1_util_ds_buf_0_0_board.xdc] for cell 'design_1_i/util_ds_buf_0/U0'
Parsing XDC File [/home/kokunev/data/git_root/laser_board_xdma_plus_ddr_2/project_1/project_1.gen/sources_1/bd/design_1/ip/design_1_xdma_0_0/ip_4/pcie2_fifo_generator_tgt_brdg.xdc] for cell 'design_1_i/xdma_0/inst/design_1_xdma_0_0_pcie2_to_pcie3_wrapper_i/design_1_xdma_0_0_axi_stream_intf_i/design_1_xdma_0_0_rx_demux_i/tgt_brdg_fifo_inst/U0'
Finished Parsing XDC File [/home/kokunev/data/git_root/laser_board_xdma_plus_ddr_2/project_1/project_1.gen/sources_1/bd/design_1/ip/design_1_xdma_0_0/ip_4/pcie2_fifo_generator_tgt_brdg.xdc] for cell 'design_1_i/xdma_0/inst/design_1_xdma_0_0_pcie2_to_pcie3_wrapper_i/design_1_xdma_0_0_axi_stream_intf_i/design_1_xdma_0_0_rx_demux_i/tgt_brdg_fifo_inst/U0'
Parsing XDC File [/home/kokunev/data/git_root/laser_board_xdma_plus_ddr_2/project_1/project_1.gen/sources_1/bd/design_1/ip/design_1_xdma_0_0/ip_3/pcie2_fifo_generator_dma_cpl.xdc] for cell 'design_1_i/xdma_0/inst/design_1_xdma_0_0_pcie2_to_pcie3_wrapper_i/design_1_xdma_0_0_axi_stream_intf_i/design_1_xdma_0_0_rx_demux_i/dma_cpl_fifo_inst/U0'
Finished Parsing XDC File [/home/kokunev/data/git_root/laser_board_xdma_plus_ddr_2/project_1/project_1.gen/sources_1/bd/design_1/ip/design_1_xdma_0_0/ip_3/pcie2_fifo_generator_dma_cpl.xdc] for cell 'design_1_i/xdma_0/inst/design_1_xdma_0_0_pcie2_to_pcie3_wrapper_i/design_1_xdma_0_0_axi_stream_intf_i/design_1_xdma_0_0_rx_demux_i/dma_cpl_fifo_inst/U0'
Parsing XDC File [/home/kokunev/data/git_root/laser_board_xdma_plus_ddr_2/project_1/project_1.gen/sources_1/bd/design_1/ip/design_1_xdma_0_0/ip_0/source/design_1_xdma_0_0_pcie2_ip-PCIE_X0Y0.xdc] for cell 'design_1_i/xdma_0/inst/design_1_xdma_0_0_pcie2_to_pcie3_wrapper_i/pcie2_ip_i/inst'
INFO: [Timing 38-35] Done setting XDC timing constraints. [/home/kokunev/data/git_root/laser_board_xdma_plus_ddr_2/project_1/project_1.gen/sources_1/bd/design_1/ip/design_1_xdma_0_0/ip_0/source/design_1_xdma_0_0_pcie2_ip-PCIE_X0Y0.xdc:135]
INFO: [Timing 38-2] Deriving generated clocks [/home/kokunev/data/git_root/laser_board_xdma_plus_ddr_2/project_1/project_1.gen/sources_1/bd/design_1/ip/design_1_xdma_0_0/ip_0/source/design_1_xdma_0_0_pcie2_ip-PCIE_X0Y0.xdc:135]
Finished Parsing XDC File [/home/kokunev/data/git_root/laser_board_xdma_plus_ddr_2/project_1/project_1.gen/sources_1/bd/design_1/ip/design_1_xdma_0_0/ip_0/source/design_1_xdma_0_0_pcie2_ip-PCIE_X0Y0.xdc] for cell 'design_1_i/xdma_0/inst/design_1_xdma_0_0_pcie2_to_pcie3_wrapper_i/pcie2_ip_i/inst'
Parsing XDC File [/home/kokunev/data/git_root/laser_board_xdma_plus_ddr_2/project_1/project_1.gen/sources_1/bd/design_1/ip/design_1_xdma_0_0/design_1_xdma_0_0_board.xdc] for cell 'design_1_i/xdma_0/inst'
Finished Parsing XDC File [/home/kokunev/data/git_root/laser_board_xdma_plus_ddr_2/project_1/project_1.gen/sources_1/bd/design_1/ip/design_1_xdma_0_0/design_1_xdma_0_0_board.xdc] for cell 'design_1_i/xdma_0/inst'
Parsing XDC File [/home/kokunev/data/git_root/laser_board_xdma_plus_ddr_2/project_1/project_1.gen/sources_1/bd/design_1/ip/design_1_xdma_0_0/source/design_1_xdma_0_0_pcie3_7vx_ip.xdc] for cell 'design_1_i/xdma_0/inst'
Finished Parsing XDC File [/home/kokunev/data/git_root/laser_board_xdma_plus_ddr_2/project_1/project_1.gen/sources_1/bd/design_1/ip/design_1_xdma_0_0/source/design_1_xdma_0_0_pcie3_7vx_ip.xdc] for cell 'design_1_i/xdma_0/inst'
Parsing XDC File [/home/kokunev/data/git_root/laser_board_xdma_plus_ddr_2/project_1/project_1.gen/sources_1/bd/design_1/ip/design_1_clk_wiz_0_0/design_1_clk_wiz_0_0_board.xdc] for cell 'design_1_i/clk_wiz_0/inst'
Finished Parsing XDC File [/home/kokunev/data/git_root/laser_board_xdma_plus_ddr_2/project_1/project_1.gen/sources_1/bd/design_1/ip/design_1_clk_wiz_0_0/design_1_clk_wiz_0_0_board.xdc] for cell 'design_1_i/clk_wiz_0/inst'
Parsing XDC File [/home/kokunev/data/git_root/laser_board_xdma_plus_ddr_2/project_1/project_1.gen/sources_1/bd/design_1/ip/design_1_clk_wiz_0_0/design_1_clk_wiz_0_0.xdc] for cell 'design_1_i/clk_wiz_0/inst'
INFO: [Timing 38-2] Deriving generated clocks [/home/kokunev/data/git_root/laser_board_xdma_plus_ddr_2/project_1/project_1.gen/sources_1/bd/design_1/ip/design_1_clk_wiz_0_0/design_1_clk_wiz_0_0.xdc:54]
Finished Parsing XDC File [/home/kokunev/data/git_root/laser_board_xdma_plus_ddr_2/project_1/project_1.gen/sources_1/bd/design_1/ip/design_1_clk_wiz_0_0/design_1_clk_wiz_0_0.xdc] for cell 'design_1_i/clk_wiz_0/inst'
Parsing XDC File [/home/kokunev/data/git_root/laser_board_xdma_plus_ddr_2/project_1/project_1.gen/sources_1/bd/design_1/ip/design_1_mig_7series_0_0/design_1_mig_7series_0_0/user_design/constraints/design_1_mig_7series_0_0.xdc] for cell 'design_1_i/mig_7series_0'
Finished Parsing XDC File [/home/kokunev/data/git_root/laser_board_xdma_plus_ddr_2/project_1/project_1.gen/sources_1/bd/design_1/ip/design_1_mig_7series_0_0/design_1_mig_7series_0_0/user_design/constraints/design_1_mig_7series_0_0.xdc] for cell 'design_1_i/mig_7series_0'
Parsing XDC File [/home/kokunev/data/git_root/laser_board_xdma_plus_ddr_2/project_1/project_1.gen/sources_1/bd/design_1/ip/design_1_rst_mig_7series_0_100M_0/design_1_rst_mig_7series_0_100M_0_board.xdc] for cell 'design_1_i/rst_mig_7series_0_100M/U0'
Finished Parsing XDC File [/home/kokunev/data/git_root/laser_board_xdma_plus_ddr_2/project_1/project_1.gen/sources_1/bd/design_1/ip/design_1_rst_mig_7series_0_100M_0/design_1_rst_mig_7series_0_100M_0_board.xdc] for cell 'design_1_i/rst_mig_7series_0_100M/U0'
Parsing XDC File [/home/kokunev/data/git_root/laser_board_xdma_plus_ddr_2/project_1/project_1.gen/sources_1/bd/design_1/ip/design_1_jtag_axi_0_0/constraints/jtag_axi.xdc] for cell 'design_1_i/jtag_axi_0/inst'
Finished Parsing XDC File [/home/kokunev/data/git_root/laser_board_xdma_plus_ddr_2/project_1/project_1.gen/sources_1/bd/design_1/ip/design_1_jtag_axi_0_0/constraints/jtag_axi.xdc] for cell 'design_1_i/jtag_axi_0/inst'
Parsing XDC File [/home/kokunev/data/git_root/laser_board_xdma_plus_ddr_2/project_1/project_1.gen/sources_1/bd/design_1/ip/design_1_axi_gpio_0_0/design_1_axi_gpio_0_0_board.xdc] for cell 'design_1_i/axi_gpio_0/U0'
Finished Parsing XDC File [/home/kokunev/data/git_root/laser_board_xdma_plus_ddr_2/project_1/project_1.gen/sources_1/bd/design_1/ip/design_1_axi_gpio_0_0/design_1_axi_gpio_0_0_board.xdc] for cell 'design_1_i/axi_gpio_0/U0'
Parsing XDC File [/home/kokunev/data/git_root/laser_board_xdma_plus_ddr_2/project_1/project_1.gen/sources_1/bd/design_1/ip/design_1_axi_smc_0/bd_0/ip/ip_1/bd_afc3_psr_aclk_0_board.xdc] for cell 'design_1_i/axi_smc/inst/clk_map/psr_aclk/U0'
Finished Parsing XDC File [/home/kokunev/data/git_root/laser_board_xdma_plus_ddr_2/project_1/project_1.gen/sources_1/bd/design_1/ip/design_1_axi_smc_0/bd_0/ip/ip_1/bd_afc3_psr_aclk_0_board.xdc] for cell 'design_1_i/axi_smc/inst/clk_map/psr_aclk/U0'
Parsing XDC File [/home/kokunev/data/git_root/laser_board_xdma_plus_ddr_2/project_1/project_1.gen/sources_1/bd/design_1/ip/design_1_axi_smc_0/smartconnect.xdc] for cell 'design_1_i/axi_smc/inst'
Finished Parsing XDC File [/home/kokunev/data/git_root/laser_board_xdma_plus_ddr_2/project_1/project_1.gen/sources_1/bd/design_1/ip/design_1_axi_smc_0/smartconnect.xdc] for cell 'design_1_i/axi_smc/inst'
Parsing XDC File [/home/kokunev/data/git_root/laser_board_xdma_plus_ddr_2/project_1/project_1.gen/sources_1/bd/design_1/ip/design_1_axi_smc_1_0/bd_0/ip/ip_1/bd_a878_psr_aclk_0_board.xdc] for cell 'design_1_i/axi_smc_1/inst/clk_map/psr_aclk/U0'
Finished Parsing XDC File [/home/kokunev/data/git_root/laser_board_xdma_plus_ddr_2/project_1/project_1.gen/sources_1/bd/design_1/ip/design_1_axi_smc_1_0/bd_0/ip/ip_1/bd_a878_psr_aclk_0_board.xdc] for cell 'design_1_i/axi_smc_1/inst/clk_map/psr_aclk/U0'
Parsing XDC File [/home/kokunev/data/git_root/laser_board_xdma_plus_ddr_2/project_1/project_1.gen/sources_1/bd/design_1/ip/design_1_axi_smc_1_0/smartconnect.xdc] for cell 'design_1_i/axi_smc_1/inst'
Finished Parsing XDC File [/home/kokunev/data/git_root/laser_board_xdma_plus_ddr_2/project_1/project_1.gen/sources_1/bd/design_1/ip/design_1_axi_smc_1_0/smartconnect.xdc] for cell 'design_1_i/axi_smc_1/inst'
Parsing XDC File [/home/kokunev/data/git_root/laser_board_xdma_plus_ddr_2/project_1/project_1.gen/sources_1/bd/design_1/ip/design_1_system_ila_0_0/bd_0/ip/ip_0/ila_v6_2/constraints/ila_impl.xdc] for cell 'design_1_i/system_ila_0/inst/ila_lib/inst'
WARNING: [Vivado_Tcl 4-921] Waiver ID 'CDC-10' -to list should not be empty. [/home/kokunev/data/git_root/laser_board_xdma_plus_ddr_2/project_1/project_1.gen/sources_1/bd/design_1/ip/design_1_system_ila_0_0/bd_0/ip/ip_0/ila_v6_2/constraints/ila_impl.xdc:40]
Finished Parsing XDC File [/home/kokunev/data/git_root/laser_board_xdma_plus_ddr_2/project_1/project_1.gen/sources_1/bd/design_1/ip/design_1_system_ila_0_0/bd_0/ip/ip_0/ila_v6_2/constraints/ila_impl.xdc] for cell 'design_1_i/system_ila_0/inst/ila_lib/inst'
Parsing XDC File [/home/kokunev/data/git_root/laser_board_xdma_plus_ddr_2/project_1/project_1.gen/sources_1/bd/design_1/ip/design_1_system_ila_0_0/bd_0/ip/ip_0/ila_v6_2/constraints/ila.xdc] for cell 'design_1_i/system_ila_0/inst/ila_lib/inst'
WARNING: [Vivado_Tcl 4-921] Waiver ID 'CDC-10' -to list should not be empty. [/home/kokunev/data/git_root/laser_board_xdma_plus_ddr_2/project_1/project_1.gen/sources_1/bd/design_1/ip/design_1_system_ila_0_0/bd_0/ip/ip_0/ila_v6_2/constraints/ila.xdc:130]
Finished Parsing XDC File [/home/kokunev/data/git_root/laser_board_xdma_plus_ddr_2/project_1/project_1.gen/sources_1/bd/design_1/ip/design_1_system_ila_0_0/bd_0/ip/ip_0/ila_v6_2/constraints/ila.xdc] for cell 'design_1_i/system_ila_0/inst/ila_lib/inst'
Parsing XDC File [/home/kokunev/data/git_root/laser_board_xdma_plus_ddr_2/project_1/project_1.srcs/constrs_1/new/io.xdc]
Finished Parsing XDC File [/home/kokunev/data/git_root/laser_board_xdma_plus_ddr_2/project_1/project_1.srcs/constrs_1/new/io.xdc]
Parsing XDC File [/home/kokunev/data/git_root/laser_board_xdma_plus_ddr_2/project_1/project_1.gen/sources_1/bd/design_1/ip/design_1_xdma_0_0/ip_0/source/ip_xilinx_pcie_2_1_7x_late.xdc] for cell 'design_1_i/xdma_0/inst/design_1_xdma_0_0_pcie2_to_pcie3_wrapper_i/pcie2_ip_i/inst'
Finished Parsing XDC File [/home/kokunev/data/git_root/laser_board_xdma_plus_ddr_2/project_1/project_1.gen/sources_1/bd/design_1/ip/design_1_xdma_0_0/ip_0/source/ip_xilinx_pcie_2_1_7x_late.xdc] for cell 'design_1_i/xdma_0/inst/design_1_xdma_0_0_pcie2_to_pcie3_wrapper_i/pcie2_ip_i/inst'
INFO: [Project 1-1714] 65 XPM XDC files have been applied to the design.
INFO: [Opt 31-138] Pushed 0 inverter(s) to 0 load pin(s).
INFO: [Project 1-1687] 2 scoped IP constraints or related sub-commands were skipped due to synthesis logic optimizations usually triggered by constant connectivity or unconnected output pins. To review the skipped constraints and messages, run the command 'set_param netlist.IPMsgFiltering false' before opening the design.
Netlist sorting complete. Time (s): cpu = 00:00:00.01 ; elapsed = 00:00:00.02 . Memory (MB): peak = 2904.352 ; gain = 0.000 ; free physical = 22973 ; free virtual = 52861
INFO: [Project 1-111] Unisim Transformation Summary:
  A total of 3597 instances were transformed.
  CFGLUT5 => CFGLUT5 (SRL16E, SRLC32E): 1888 instances
  IOBUFDS_DIFF_OUT_INTERMDISABLE => IOBUFDS_DIFF_OUT_INTERMDISABLE (IBUFDS_INTERMDISABLE_INT(x2), INV, OBUFTDS(x2)): 4 instances
  IOBUF_INTERMDISABLE => IOBUF_INTERMDISABLE (IBUF_INTERMDISABLE, OBUFT): 32 instances
  OBUFDS => OBUFDS_DUAL_BUF (INV, OBUFDS(x2)): 1 instance 
  RAM16X1D => RAM32X1D (RAMD32(x2)): 48 instances
  RAM16X1S => RAM32X1S (RAMS32): 13 instances
  RAM32M => RAM32M (RAMD32(x6), RAMS32(x2)): 834 instances
  RAM32X1D => RAM32X1D (RAMD32(x2)): 32 instances
  RAM64M => RAM64M (RAMD64E(x4)): 736 instances
  RAM64X1S => RAM64X1S (RAMS64E): 9 instances

15 Infos, 3 Warnings, 0 Critical Warnings and 0 Errors encountered.
link_design completed successfully
link_design: Time (s): cpu = 00:00:30 ; elapsed = 00:00:26 . Memory (MB): peak = 2904.387 ; gain = 1224.336 ; free physical = 22973 ; free virtual = 52861
Command: opt_design
Attempting to get a license for feature 'Implementation' and/or device 'xc7a100t'
INFO: [Common 17-349] Got license for feature 'Implementation' and/or device 'xc7a100t'
Running DRC as a precondition to command opt_design

Starting DRC Task
INFO: [DRC 23-27] Running DRC with 8 threads
INFO: [Project 1-461] DRC finished with 0 Errors
INFO: [Project 1-462] Please refer to the DRC report (report_drc) for more information.

Time (s): cpu = 00:00:02 ; elapsed = 00:00:00.58 . Memory (MB): peak = 2904.387 ; gain = 0.000 ; free physical = 22969 ; free virtual = 52857

Starting Cache Timing Information Task
INFO: [Timing 38-35] Done setting XDC timing constraints.
Ending Cache Timing Information Task | Checksum: 1b8478471

Time (s): cpu = 00:00:03 ; elapsed = 00:00:01 . Memory (MB): peak = 2904.387 ; gain = 0.000 ; free physical = 22956 ; free virtual = 52843

Starting Logic Optimization Task

Phase 1 Initialization

Phase 1.1 Core Generation And Design Setup

Phase 1.1.1 Generate And Synthesize Debug Cores
INFO: [Chipscope 16-329] Generating Script for core instance : dbg_hub 
INFO: [IP_Flow 19-3806] Processing IP xilinx.com:ip:xsdbm:3.0 for cell dbg_hub_CV.
INFO: [Chipscope 16-469] Using cached IP synthesis design for IP xilinx.com:ip:xsdbm:3.0, cache-ID = ecb1d02c51a9c16d.
Done building netlist checker database: Time (s): cpu = 00:00:00.01 ; elapsed = 00:00:00.02 . Memory (MB): peak = 3293.945 ; gain = 0.000 ; free physical = 22418 ; free virtual = 52309
Netlist sorting complete. Time (s): cpu = 00:00:00.03 ; elapsed = 00:00:00.03 . Memory (MB): peak = 3296.914 ; gain = 0.000 ; free physical = 22448 ; free virtual = 52339
Phase 1.1.1 Generate And Synthesize Debug Cores | Checksum: 162cbf17c

Time (s): cpu = 00:00:17 ; elapsed = 00:00:09 . Memory (MB): peak = 3296.914 ; gain = 24.781 ; free physical = 22448 ; free virtual = 52339
Phase 1.1 Core Generation And Design Setup | Checksum: 162cbf17c

Time (s): cpu = 00:00:17 ; elapsed = 00:00:09 . Memory (MB): peak = 3296.914 ; gain = 24.781 ; free physical = 22448 ; free virtual = 52339

Phase 1.2 Setup Constraints And Sort Netlist
Phase 1.2 Setup Constraints And Sort Netlist | Checksum: 162cbf17c

Time (s): cpu = 00:00:17 ; elapsed = 00:00:09 . Memory (MB): peak = 3296.914 ; gain = 24.781 ; free physical = 22448 ; free virtual = 52339
Phase 1 Initialization | Checksum: 162cbf17c

Time (s): cpu = 00:00:17 ; elapsed = 00:00:09 . Memory (MB): peak = 3296.914 ; gain = 24.781 ; free physical = 22448 ; free virtual = 52339

Phase 2 Timer Update And Timing Data Collection

Phase 2.1 Detect if minReqCache needed
Phase 2.1 Detect if minReqCache needed | Checksum: 162cbf17c

Time (s): cpu = 00:00:17 ; elapsed = 00:00:09 . Memory (MB): peak = 3312.914 ; gain = 40.781 ; free physical = 22431 ; free virtual = 52322

Phase 2.2 Timer Update
Phase 2.2 Timer Update | Checksum: 162cbf17c

Time (s): cpu = 00:00:19 ; elapsed = 00:00:10 . Memory (MB): peak = 3312.914 ; gain = 40.781 ; free physical = 22431 ; free virtual = 52321

Phase 2.3 Timing Data Collection
Phase 2.3 Timing Data Collection | Checksum: 162cbf17c

Time (s): cpu = 00:00:19 ; elapsed = 00:00:10 . Memory (MB): peak = 3312.914 ; gain = 40.781 ; free physical = 22431 ; free virtual = 52321
Phase 2 Timer Update And Timing Data Collection | Checksum: 162cbf17c

Time (s): cpu = 00:00:19 ; elapsed = 00:00:10 . Memory (MB): peak = 3312.914 ; gain = 40.781 ; free physical = 22431 ; free virtual = 52321

Phase 3 Retarget
INFO: [Opt 31-1851] Number of loadless carry chains removed were: 0
INFO: [Opt 31-1834] Total Chains To Be Transformed Were: 0 AND Number of Transformed insts Created are: 0
INFO: [Opt 31-1566] Pulled 23 inverters resulting in an inversion of 182 pins
INFO: [Opt 31-138] Pushed 27 inverter(s) to 142 load pin(s).
INFO: [Opt 31-49] Retargeted 0 cell(s).
Phase 3 Retarget | Checksum: 251318510

Time (s): cpu = 00:00:20 ; elapsed = 00:00:11 . Memory (MB): peak = 3312.914 ; gain = 40.781 ; free physical = 22439 ; free virtual = 52330
Retarget | Checksum: 251318510
INFO: [Opt 31-389] Phase Retarget created 64 cells and removed 1104 cells
INFO: [Opt 31-1021] In phase Retarget, 173 netlist objects are constrained preventing optimization. Please run opt_design with -debug_log to get more detail. 

Phase 4 Constant propagation
INFO: [Opt 31-138] Pushed 5 inverter(s) to 22 load pin(s).
Phase 4 Constant propagation | Checksum: 26c051661

Time (s): cpu = 00:00:20 ; elapsed = 00:00:11 . Memory (MB): peak = 3312.914 ; gain = 40.781 ; free physical = 22439 ; free virtual = 52329
Constant propagation | Checksum: 26c051661
INFO: [Opt 31-389] Phase Constant propagation created 397 cells and removed 601 cells
INFO: [Opt 31-1021] In phase Constant propagation, 114 netlist objects are constrained preventing optimization. Please run opt_design with -debug_log to get more detail. 

Phase 5 Sweep
INFO: [Constraints 18-11670] Building netlist checker database with flags, 0x8
Done building netlist checker database: Time (s): cpu = 00:00:00.01 ; elapsed = 00:00:00.02 . Memory (MB): peak = 3312.914 ; gain = 0.000 ; free physical = 22448 ; free virtual = 52338
INFO: [Constraints 18-11670] Building netlist checker database with flags, 0x8
Done building netlist checker database: Time (s): cpu = 00:00:00.02 ; elapsed = 00:00:00.01 . Memory (MB): peak = 3312.914 ; gain = 0.000 ; free physical = 22448 ; free virtual = 52338
Phase 5 Sweep | Checksum: 2bfd66e06

Time (s): cpu = 00:00:22 ; elapsed = 00:00:13 . Memory (MB): peak = 3312.914 ; gain = 40.781 ; free physical = 22457 ; free virtual = 52347
Sweep | Checksum: 2bfd66e06
INFO: [Opt 31-389] Phase Sweep created 0 cells and removed 3097 cells
INFO: [Opt 31-1021] In phase Sweep, 2731 netlist objects are constrained preventing optimization. Please run opt_design with -debug_log to get more detail. 

Phase 6 BUFG optimization
Phase 6 BUFG optimization | Checksum: 1dc722784

Time (s): cpu = 00:00:23 ; elapsed = 00:00:13 . Memory (MB): peak = 3344.930 ; gain = 72.797 ; free physical = 22456 ; free virtual = 52347
BUFG optimization | Checksum: 1dc722784
INFO: [Opt 31-662] Phase BUFG optimization created 0 cells of which 0 are BUFGs and removed 0 cells.

Phase 7 Shift Register Optimization
INFO: [Opt 31-1064] SRL Remap converted 0 SRLs to 0 registers and converted 0 registers of register chains to 0 SRLs
Phase 7 Shift Register Optimization | Checksum: 1dc722784

Time (s): cpu = 00:00:23 ; elapsed = 00:00:13 . Memory (MB): peak = 3344.930 ; gain = 72.797 ; free physical = 22456 ; free virtual = 52347
Shift Register Optimization | Checksum: 1dc722784
INFO: [Opt 31-389] Phase Shift Register Optimization created 0 cells and removed 0 cells

Phase 8 Post Processing Netlist
Phase 8 Post Processing Netlist | Checksum: 2bfd66e06

Time (s): cpu = 00:00:23 ; elapsed = 00:00:13 . Memory (MB): peak = 3344.930 ; gain = 72.797 ; free physical = 22465 ; free virtual = 52356
Post Processing Netlist | Checksum: 2bfd66e06
INFO: [Opt 31-389] Phase Post Processing Netlist created 0 cells and removed 0 cells
INFO: [Opt 31-1021] In phase Post Processing Netlist, 148 netlist objects are constrained preventing optimization. Please run opt_design with -debug_log to get more detail. 

Phase 9 Finalization

Phase 9.1 Finalizing Design Cores and Updating Shapes
Phase 9.1 Finalizing Design Cores and Updating Shapes | Checksum: 1ffd6df4d

Time (s): cpu = 00:00:24 ; elapsed = 00:00:14 . Memory (MB): peak = 3344.930 ; gain = 72.797 ; free physical = 22465 ; free virtual = 52356

Phase 9.2 Verifying Netlist Connectivity

Starting Connectivity Check Task

Time (s): cpu = 00:00:00.06 ; elapsed = 00:00:00.07 . Memory (MB): peak = 3344.930 ; gain = 0.000 ; free physical = 22465 ; free virtual = 52356
Phase 9.2 Verifying Netlist Connectivity | Checksum: 1ffd6df4d

Time (s): cpu = 00:00:24 ; elapsed = 00:00:14 . Memory (MB): peak = 3344.930 ; gain = 72.797 ; free physical = 22465 ; free virtual = 52356
Phase 9 Finalization | Checksum: 1ffd6df4d

Time (s): cpu = 00:00:24 ; elapsed = 00:00:14 . Memory (MB): peak = 3344.930 ; gain = 72.797 ; free physical = 22465 ; free virtual = 52356
Opt_design Change Summary
=========================


-------------------------------------------------------------------------------------------------------------------------
|  Phase                        |  #Cells created  |  #Cells Removed  |  #Constrained objects preventing optimizations  |
-------------------------------------------------------------------------------------------------------------------------
|  Retarget                     |              64  |            1104  |                                            173  |
|  Constant propagation         |             397  |             601  |                                            114  |
|  Sweep                        |               0  |            3097  |                                           2731  |
|  BUFG optimization            |               0  |               0  |                                              0  |
|  Shift Register Optimization  |               0  |               0  |                                              0  |
|  Post Processing Netlist      |               0  |               0  |                                            148  |
-------------------------------------------------------------------------------------------------------------------------


Ending Logic Optimization Task | Checksum: 1ffd6df4d

Time (s): cpu = 00:00:24 ; elapsed = 00:00:14 . Memory (MB): peak = 3344.930 ; gain = 72.797 ; free physical = 22465 ; free virtual = 52356

Starting Power Optimization Task
INFO: [Pwropt 34-132] Skipping clock gating for clocks with a period < 2.00 ns.
INFO: [Timing 38-35] Done setting XDC timing constraints.
Running Vector-less Activity Propagation...
INFO: [Pwropt 34-9] Applying IDT optimizations ...
INFO: [Pwropt 34-10] Applying ODC optimizations ...

Finished Running Vector-less Activity Propagation


Starting PowerOpt Patch Enables Task
INFO: [Pwropt 34-162] WRITE_MODE attribute of 4 BRAM(s) out of a total of 74 has been updated to save power. Run report_power_opt to get a complete listing of the BRAMs updated.
INFO: [Timing 38-35] Done setting XDC timing constraints.
INFO: [Pwropt 34-201] Structural ODC has moved 4 WE to EN ports
Number of BRAM Ports augmented: 56 newly gated: 33 Total Ports: 148
Number of Flops added for Enable Generation: 16

Ending PowerOpt Patch Enables Task | Checksum: 23c0c563f

Time (s): cpu = 00:00:03 ; elapsed = 00:00:01 . Memory (MB): peak = 3735.797 ; gain = 0.000 ; free physical = 22268 ; free virtual = 52158
Ending Power Optimization Task | Checksum: 23c0c563f

Time (s): cpu = 00:00:24 ; elapsed = 00:00:09 . Memory (MB): peak = 3735.797 ; gain = 390.867 ; free physical = 22268 ; free virtual = 52158

Starting Final Cleanup Task

Starting Logic Optimization Task
INFO: [Timing 38-35] Done setting XDC timing constraints.
Ending Logic Optimization Task | Checksum: 1c5e59703

Time (s): cpu = 00:00:06 ; elapsed = 00:00:03 . Memory (MB): peak = 3735.797 ; gain = 0.000 ; free physical = 22260 ; free virtual = 52150
Ending Final Cleanup Task | Checksum: 1c5e59703

Time (s): cpu = 00:00:08 ; elapsed = 00:00:05 . Memory (MB): peak = 3735.797 ; gain = 0.000 ; free physical = 22262 ; free virtual = 52153
Parsing XDC File [/home/kokunev/data/git_root/laser_board_xdma_plus_ddr_2/project_1/project_1.gen/sources_1/bd/design_1/ip/design_1_jtag_axi_0_0/constraints/design_1_jtag_axi_0_0_impl.xdc] from IP /home/kokunev/data/git_root/laser_board_xdma_plus_ddr_2/project_1/project_1.srcs/sources_1/bd/design_1/ip/design_1_jtag_axi_0_0/design_1_jtag_axi_0_0.xci
Parsing XDC File [/home/kokunev/data/git_root/laser_board_xdma_plus_ddr_2/project_1/project_1.gen/sources_1/bd/design_1/ip/design_1_jtag_axi_0_0/constraints/design_1_jtag_axi_0_0_impl.xdc] for cell 'design_1_i/jtag_axi_0/inst'
INFO: [Timing 38-35] Done setting XDC timing constraints. [/home/kokunev/data/git_root/laser_board_xdma_plus_ddr_2/project_1/project_1.gen/sources_1/bd/design_1/ip/design_1_jtag_axi_0_0/constraints/design_1_jtag_axi_0_0_impl.xdc:69]
Finished Parsing XDC File [/home/kokunev/data/git_root/laser_board_xdma_plus_ddr_2/project_1/project_1.gen/sources_1/bd/design_1/ip/design_1_jtag_axi_0_0/constraints/design_1_jtag_axi_0_0_impl.xdc] for cell 'design_1_i/jtag_axi_0/inst'
Netlist sorting complete. Time (s): cpu = 00:00:00.01 ; elapsed = 00:00:00.01 . Memory (MB): peak = 3735.797 ; gain = 0.000 ; free physical = 22263 ; free virtual = 52154
INFO: [Common 17-83] Releasing license: Implementation
56 Infos, 3 Warnings, 0 Critical Warnings and 0 Errors encountered.
opt_design completed successfully
opt_design: Time (s): cpu = 00:01:05 ; elapsed = 00:00:32 . Memory (MB): peak = 3735.797 ; gain = 831.410 ; free physical = 22263 ; free virtual = 52154
INFO: [Vivado 12-24828] Executing command : report_drc -file design_1_wrapper_drc_opted.rpt -pb design_1_wrapper_drc_opted.pb -rpx design_1_wrapper_drc_opted.rpx
Command: report_drc -file design_1_wrapper_drc_opted.rpt -pb design_1_wrapper_drc_opted.pb -rpx design_1_wrapper_drc_opted.rpx
INFO: [IP_Flow 19-1839] IP Catalog is up to date.
INFO: [DRC 23-27] Running DRC with 8 threads
INFO: [Vivado_Tcl 2-168] The results of DRC are in file /home/kokunev/data/git_root/laser_board_xdma_plus_ddr_2/project_1/project_1.runs/impl_1/design_1_wrapper_drc_opted.rpt.
report_drc completed successfully
INFO: [Timing 38-480] Writing timing data to binary archive.
Wrote PlaceDB: Time (s): cpu = 00:00:00 ; elapsed = 00:00:00 . Memory (MB): peak = 3735.797 ; gain = 0.000 ; free physical = 22274 ; free virtual = 52165
Wrote PulsedLatchDB: Time (s): cpu = 00:00:00 ; elapsed = 00:00:00 . Memory (MB): peak = 3735.797 ; gain = 0.000 ; free physical = 22274 ; free virtual = 52165
Writing XDEF routing.
Writing XDEF routing logical nets.
Writing XDEF routing special nets.
Wrote RouteStorage: Time (s): cpu = 00:00:00.43 ; elapsed = 00:00:00.09 . Memory (MB): peak = 3735.797 ; gain = 0.000 ; free physical = 22272 ; free virtual = 52174
Write ShapeDB Complete: Time (s): cpu = 00:00:00.44 ; elapsed = 00:00:00.1 . Memory (MB): peak = 3735.797 ; gain = 0.000 ; free physical = 22272 ; free virtual = 52174
Wrote PlaceStorage: Time (s): cpu = 00:00:00.06 ; elapsed = 00:00:00.02 . Memory (MB): peak = 3735.797 ; gain = 0.000 ; free physical = 22270 ; free virtual = 52173
Wrote Netlist Cache: Time (s): cpu = 00:00:00 ; elapsed = 00:00:00 . Memory (MB): peak = 3735.797 ; gain = 0.000 ; free physical = 22270 ; free virtual = 52173
Wrote Device Cache: Time (s): cpu = 00:00:00.01 ; elapsed = 00:00:00 . Memory (MB): peak = 3735.797 ; gain = 0.000 ; free physical = 22270 ; free virtual = 52173
Write Physdb Complete: Time (s): cpu = 00:00:00.51 ; elapsed = 00:00:00.12 . Memory (MB): peak = 3735.797 ; gain = 0.000 ; free physical = 22270 ; free virtual = 52174
INFO: [Common 17-1381] The checkpoint '/home/kokunev/data/git_root/laser_board_xdma_plus_ddr_2/project_1/project_1.runs/impl_1/design_1_wrapper_opt.dcp' has been generated.
INFO: [Chipscope 16-240] Debug cores have already been implemented
Command: place_design
Attempting to get a license for feature 'Implementation' and/or device 'xc7a100t'
INFO: [Common 17-349] Got license for feature 'Implementation' and/or device 'xc7a100t'
INFO: [Common 17-83] Releasing license: Implementation
INFO: [DRC 23-27] Running DRC with 8 threads
INFO: [Vivado_Tcl 4-198] DRC finished with 0 Errors
INFO: [Vivado_Tcl 4-199] Please refer to the DRC report (report_drc) for more information.
Running DRC as a precondition to command place_design
INFO: [DRC 23-27] Running DRC with 8 threads
INFO: [Vivado_Tcl 4-198] DRC finished with 0 Errors
INFO: [Vivado_Tcl 4-199] Please refer to the DRC report (report_drc) for more information.
INFO: [Place 30-611] Multithreading enabled for place_design using a maximum of 8 CPUs

Starting Placer Task

Phase 1 Placer Initialization

Phase 1.1 Placer Initialization Netlist Sorting
Netlist sorting complete. Time (s): cpu = 00:00:00.01 ; elapsed = 00:00:00.02 . Memory (MB): peak = 3821.871 ; gain = 0.000 ; free physical = 22263 ; free virtual = 52172
Phase 1.1 Placer Initialization Netlist Sorting | Checksum: 154ead83f

Time (s): cpu = 00:00:00.03 ; elapsed = 00:00:00.03 . Memory (MB): peak = 3821.871 ; gain = 0.000 ; free physical = 22264 ; free virtual = 52172
Netlist sorting complete. Time (s): cpu = 00:00:00.01 ; elapsed = 00:00:00.01 . Memory (MB): peak = 3821.871 ; gain = 0.000 ; free physical = 22264 ; free virtual = 52172

Phase 1.2 IO Placement/ Clock Placement/ Build Placer Device
Phase 1.2 IO Placement/ Clock Placement/ Build Placer Device | Checksum: 1b4c3773a

Time (s): cpu = 00:00:05 ; elapsed = 00:00:03 . Memory (MB): peak = 3821.871 ; gain = 0.000 ; free physical = 22264 ; free virtual = 52172

Phase 1.3 Build Placer Netlist Model
Phase 1.3 Build Placer Netlist Model | Checksum: 16be633b8

Time (s): cpu = 00:00:22 ; elapsed = 00:00:11 . Memory (MB): peak = 3821.871 ; gain = 0.000 ; free physical = 22258 ; free virtual = 52166

Phase 1.4 Constrain Clocks/Macros
Phase 1.4 Constrain Clocks/Macros | Checksum: 16be633b8

Time (s): cpu = 00:00:23 ; elapsed = 00:00:11 . Memory (MB): peak = 3821.871 ; gain = 0.000 ; free physical = 22258 ; free virtual = 52166
Phase 1 Placer Initialization | Checksum: 16be633b8

Time (s): cpu = 00:00:23 ; elapsed = 00:00:11 . Memory (MB): peak = 3821.871 ; gain = 0.000 ; free physical = 22258 ; free virtual = 52167

Phase 2 Global Placement

Phase 2.1 Floorplanning
Phase 2.1 Floorplanning | Checksum: 183c0389c

Time (s): cpu = 00:00:31 ; elapsed = 00:00:13 . Memory (MB): peak = 3821.871 ; gain = 0.000 ; free physical = 22260 ; free virtual = 52169

Phase 2.2 Update Timing before SLR Path Opt
Phase 2.2 Update Timing before SLR Path Opt | Checksum: 16a60b000

Time (s): cpu = 00:00:39 ; elapsed = 00:00:15 . Memory (MB): peak = 3821.871 ; gain = 0.000 ; free physical = 22256 ; free virtual = 52165

Phase 2.3 Post-Processing in Floorplanning
Phase 2.3 Post-Processing in Floorplanning | Checksum: 16a60b000

Time (s): cpu = 00:00:39 ; elapsed = 00:00:15 . Memory (MB): peak = 3821.871 ; gain = 0.000 ; free physical = 22253 ; free virtual = 52161

Phase 2.4 Global Place Phase1
Phase 2.4 Global Place Phase1 | Checksum: 2a761078c

Time (s): cpu = 00:01:31 ; elapsed = 00:00:31 . Memory (MB): peak = 3821.871 ; gain = 0.000 ; free physical = 22109 ; free virtual = 52018

Phase 2.5 Global Place Phase2

Phase 2.5.1 UpdateTiming Before Physical Synthesis
Phase 2.5.1 UpdateTiming Before Physical Synthesis | Checksum: 2a698d717

Time (s): cpu = 00:01:40 ; elapsed = 00:00:33 . Memory (MB): peak = 3821.871 ; gain = 0.000 ; free physical = 22124 ; free virtual = 52033

Phase 2.5.2 Physical Synthesis In Placer
INFO: [Physopt 32-1035] Found 0 LUTNM shape to break, 2561 LUT instances to create LUTNM shape
INFO: [Physopt 32-1044] Break lutnm for timing: one critical 0, two critical 0, total 0, new lutff created 0
INFO: [Physopt 32-1138] End 1 Pass. Optimized 1094 nets or LUTs. Breaked 0 LUT, combined 1094 existing LUTs and moved 0 existing LUT
INFO: [Physopt 32-65] No nets found for high-fanout optimization.
INFO: [Physopt 32-232] Optimized 0 net. Created 0 new instance.
INFO: [Physopt 32-775] End 1 Pass. Optimized 0 net or cell. Created 0 new cell, deleted 0 existing cell and moved 0 existing cell
INFO: [Physopt 32-670] No setup violation found.  DSP Register Optimization was not performed.
INFO: [Physopt 32-670] No setup violation found.  Shift Register to Pipeline Optimization was not performed.
INFO: [Physopt 32-670] No setup violation found.  Shift Register Optimization was not performed.
INFO: [Physopt 32-670] No setup violation found.  BRAM Register Optimization was not performed.
INFO: [Physopt 32-670] No setup violation found.  URAM Register Optimization was not performed.
INFO: [Physopt 32-949] No candidate nets found for dynamic/static region interface net replication
INFO: [Physopt 32-775] End 1 Pass. Optimized 0 net or cell. Created 0 new cell, deleted 0 existing cell and moved 0 existing cell
Netlist sorting complete. Time (s): cpu = 00:00:00.01 ; elapsed = 00:00:00.01 . Memory (MB): peak = 3821.871 ; gain = 0.000 ; free physical = 22141 ; free virtual = 52049

Summary of Physical Synthesis Optimizations
============================================


-----------------------------------------------------------------------------------------------------------------------------------------------------------
|  Optimization                                     |  Added Cells  |  Removed Cells  |  Optimized Cells/Nets  |  Dont Touch  |  Iterations  |  Elapsed   |
-----------------------------------------------------------------------------------------------------------------------------------------------------------
|  LUT Combining                                    |            0  |           1094  |                  1094  |           0  |           1  |  00:00:01  |
|  Retime                                           |            0  |              0  |                     0  |           0  |           1  |  00:00:00  |
|  Very High Fanout                                 |            0  |              0  |                     0  |           0  |           1  |  00:00:00  |
|  DSP Register                                     |            0  |              0  |                     0  |           0  |           0  |  00:00:00  |
|  Shift Register to Pipeline                       |            0  |              0  |                     0  |           0  |           0  |  00:00:00  |
|  Shift Register                                   |            0  |              0  |                     0  |           0  |           0  |  00:00:00  |
|  BRAM Register                                    |            0  |              0  |                     0  |           0  |           0  |  00:00:00  |
|  URAM Register                                    |            0  |              0  |                     0  |           0  |           0  |  00:00:00  |
|  Dynamic/Static Region Interface Net Replication  |            0  |              0  |                     0  |           0  |           1  |  00:00:00  |
|  Total                                            |            0  |           1094  |                  1094  |           0  |           4  |  00:00:01  |
-----------------------------------------------------------------------------------------------------------------------------------------------------------


Phase 2.5.2 Physical Synthesis In Placer | Checksum: 1b05e5270

Time (s): cpu = 00:01:49 ; elapsed = 00:00:36 . Memory (MB): peak = 3821.871 ; gain = 0.000 ; free physical = 22152 ; free virtual = 52061
Phase 2.5 Global Place Phase2 | Checksum: 1be1e4da1

Time (s): cpu = 00:01:57 ; elapsed = 00:00:39 . Memory (MB): peak = 3821.871 ; gain = 0.000 ; free physical = 22159 ; free virtual = 52068
Phase 2 Global Placement | Checksum: 1be1e4da1

Time (s): cpu = 00:01:57 ; elapsed = 00:00:39 . Memory (MB): peak = 3821.871 ; gain = 0.000 ; free physical = 22159 ; free virtual = 52068

Phase 3 Detail Placement

Phase 3.1 Commit Multi Column Macros
Phase 3.1 Commit Multi Column Macros | Checksum: 1d90a54ef

Time (s): cpu = 00:02:05 ; elapsed = 00:00:41 . Memory (MB): peak = 3821.871 ; gain = 0.000 ; free physical = 22177 ; free virtual = 52086

Phase 3.2 Commit Most Macros & LUTRAMs
Phase 3.2 Commit Most Macros & LUTRAMs | Checksum: 1f3f38c5e

Time (s): cpu = 00:02:20 ; elapsed = 00:00:46 . Memory (MB): peak = 3821.871 ; gain = 0.000 ; free physical = 22189 ; free virtual = 52098

Phase 3.3 Area Swap Optimization
Phase 3.3 Area Swap Optimization | Checksum: 24a91f1d9

Time (s): cpu = 00:02:21 ; elapsed = 00:00:46 . Memory (MB): peak = 3821.871 ; gain = 0.000 ; free physical = 22190 ; free virtual = 52098

Phase 3.4 Pipeline Register Optimization
Phase 3.4 Pipeline Register Optimization | Checksum: 216b1e76c

Time (s): cpu = 00:02:21 ; elapsed = 00:00:46 . Memory (MB): peak = 3821.871 ; gain = 0.000 ; free physical = 22190 ; free virtual = 52098

Phase 3.5 Fast Optimization
Phase 3.5 Fast Optimization | Checksum: 2640a87e3

Time (s): cpu = 00:02:37 ; elapsed = 00:00:49 . Memory (MB): peak = 3821.871 ; gain = 0.000 ; free physical = 22189 ; free virtual = 52097

Phase 3.6 Small Shape Detail Placement
Phase 3.6 Small Shape Detail Placement | Checksum: 13fe30801

Time (s): cpu = 00:02:50 ; elapsed = 00:01:01 . Memory (MB): peak = 3821.871 ; gain = 0.000 ; free physical = 22198 ; free virtual = 52106

Phase 3.7 Re-assign LUT pins
Phase 3.7 Re-assign LUT pins | Checksum: 1a032d669

Time (s): cpu = 00:02:52 ; elapsed = 00:01:03 . Memory (MB): peak = 3821.871 ; gain = 0.000 ; free physical = 22198 ; free virtual = 52107

Phase 3.8 Pipeline Register Optimization
Phase 3.8 Pipeline Register Optimization | Checksum: 13ecabdf6

Time (s): cpu = 00:02:53 ; elapsed = 00:01:03 . Memory (MB): peak = 3821.871 ; gain = 0.000 ; free physical = 22198 ; free virtual = 52107
Phase 3 Detail Placement | Checksum: 13ecabdf6

Time (s): cpu = 00:02:53 ; elapsed = 00:01:03 . Memory (MB): peak = 3821.871 ; gain = 0.000 ; free physical = 22201 ; free virtual = 52109

Phase 4 Post Placement Optimization and Clean-Up

Phase 4.1 Post Commit Optimization
INFO: [Timing 38-35] Done setting XDC timing constraints.

Phase 4.1.1 Post Placement Optimization
Post Placement Optimization Initialization | Checksum: 1200e60aa

Phase 4.1.1.1 BUFG Insertion

Starting Physical Synthesis Task

Phase 1 Physical Synthesis Initialization
INFO: [Physopt 32-721] Multithreading enabled for phys_opt_design using a maximum of 8 CPUs
INFO: [Physopt 32-619] Estimated Timing Summary | WNS=0.264 | TNS=0.000 |
Phase 1 Physical Synthesis Initialization | Checksum: d7bb62a1

Time (s): cpu = 00:00:02 ; elapsed = 00:00:00.58 . Memory (MB): peak = 3821.871 ; gain = 0.000 ; free physical = 22283 ; free virtual = 52191
INFO: [Place 46-33] Processed net design_1_i/xdma_0/inst/udma_wrapper/dma_top/dma_pcie_req/dma_pcie_rc/u_dma_rc_mem_pfch/SR[0], BUFG insertion was skipped due to placement/routing conflicts.
INFO: [Place 46-56] BUFG insertion identified 1 candidate nets. Inserted BUFG: 0, Replicated BUFG Driver: 0, Skipped due to Placement/Routing Conflicts: 1, Skipped due to Timing Degradation: 0, Skipped due to netlist editing failed: 0.
Ending Physical Synthesis Task | Checksum: 169b632f3

Time (s): cpu = 00:00:03 ; elapsed = 00:00:00.86 . Memory (MB): peak = 3821.871 ; gain = 0.000 ; free physical = 22284 ; free virtual = 52192
Phase 4.1.1.1 BUFG Insertion | Checksum: 1200e60aa

Time (s): cpu = 00:03:17 ; elapsed = 00:01:09 . Memory (MB): peak = 3821.871 ; gain = 0.000 ; free physical = 22277 ; free virtual = 52186

Phase 4.1.1.2 Post Placement Timing Optimization
INFO: [Place 30-746] Post Placement Timing Summary WNS=0.544. For the most accurate timing information please run report_timing.
Phase 4.1.1.2 Post Placement Timing Optimization | Checksum: 1dbb0ff16

Time (s): cpu = 00:03:19 ; elapsed = 00:01:12 . Memory (MB): peak = 3821.871 ; gain = 0.000 ; free physical = 22280 ; free virtual = 52189

Time (s): cpu = 00:03:19 ; elapsed = 00:01:12 . Memory (MB): peak = 3821.871 ; gain = 0.000 ; free physical = 22280 ; free virtual = 52189
Phase 4.1 Post Commit Optimization | Checksum: 1dbb0ff16

Time (s): cpu = 00:03:19 ; elapsed = 00:01:12 . Memory (MB): peak = 3821.871 ; gain = 0.000 ; free physical = 22280 ; free virtual = 52189

Phase 4.2 Post Placement Cleanup
Phase 4.2 Post Placement Cleanup | Checksum: 1dbb0ff16

Time (s): cpu = 00:03:20 ; elapsed = 00:01:12 . Memory (MB): peak = 3821.871 ; gain = 0.000 ; free physical = 22280 ; free virtual = 52189

Phase 4.3 Placer Reporting

Phase 4.3.1 Print Estimated Congestion
INFO: [Place 30-612] Post-Placement Estimated Congestion 
 ____________________________________________________
|           | Global Congestion | Short Congestion  |
| Direction | Region Size       | Region Size       |
|___________|___________________|___________________|
|      North|                1x1|                4x4|
|___________|___________________|___________________|
|      South|                1x1|                4x4|
|___________|___________________|___________________|
|       East|                1x1|                2x2|
|___________|___________________|___________________|
|       West|                1x1|                2x2|
|___________|___________________|___________________|

Phase 4.3.1 Print Estimated Congestion | Checksum: 1dbb0ff16

Time (s): cpu = 00:03:20 ; elapsed = 00:01:12 . Memory (MB): peak = 3821.871 ; gain = 0.000 ; free physical = 22280 ; free virtual = 52189
Phase 4.3 Placer Reporting | Checksum: 1dbb0ff16

Time (s): cpu = 00:03:21 ; elapsed = 00:01:12 . Memory (MB): peak = 3821.871 ; gain = 0.000 ; free physical = 22280 ; free virtual = 52189

Phase 4.4 Final Placement Cleanup
Netlist sorting complete. Time (s): cpu = 00:00:00.01 ; elapsed = 00:00:00.01 . Memory (MB): peak = 3821.871 ; gain = 0.000 ; free physical = 22280 ; free virtual = 52189

Time (s): cpu = 00:03:21 ; elapsed = 00:01:12 . Memory (MB): peak = 3821.871 ; gain = 0.000 ; free physical = 22280 ; free virtual = 52189
Phase 4 Post Placement Optimization and Clean-Up | Checksum: 268619b78

Time (s): cpu = 00:03:21 ; elapsed = 00:01:13 . Memory (MB): peak = 3821.871 ; gain = 0.000 ; free physical = 22280 ; free virtual = 52189
Ending Placer Task | Checksum: 19c73b93b

Time (s): cpu = 00:03:21 ; elapsed = 00:01:13 . Memory (MB): peak = 3821.871 ; gain = 0.000 ; free physical = 22280 ; free virtual = 52189
92 Infos, 3 Warnings, 0 Critical Warnings and 0 Errors encountered.
place_design completed successfully
place_design: Time (s): cpu = 00:03:26 ; elapsed = 00:01:15 . Memory (MB): peak = 3821.871 ; gain = 86.074 ; free physical = 22280 ; free virtual = 52189
INFO: [Vivado 12-24838] Running report commands "report_control_sets, report_io, report_utilization" in parallel.
Running report generation with 3 threads.
INFO: [Vivado 12-24828] Executing command : report_io -file design_1_wrapper_io_placed.rpt
report_io: Time (s): cpu = 00:00:00.31 ; elapsed = 00:00:00.15 . Memory (MB): peak = 3821.871 ; gain = 0.000 ; free physical = 22277 ; free virtual = 52186
INFO: [Vivado 12-24828] Executing command : report_control_sets -verbose -file design_1_wrapper_control_sets_placed.rpt
report_control_sets: Time (s): cpu = 00:00:00.58 ; elapsed = 00:00:00.31 . Memory (MB): peak = 3821.871 ; gain = 0.000 ; free physical = 22274 ; free virtual = 52183
INFO: [Vivado 12-24828] Executing command : report_utilization -file design_1_wrapper_utilization_placed.rpt -pb design_1_wrapper_utilization_placed.pb
INFO: [Timing 38-480] Writing timing data to binary archive.
Wrote PlaceDB: Time (s): cpu = 00:00:00 ; elapsed = 00:00:00 . Memory (MB): peak = 3821.871 ; gain = 0.000 ; free physical = 22280 ; free virtual = 52190
Wrote PulsedLatchDB: Time (s): cpu = 00:00:00 ; elapsed = 00:00:00 . Memory (MB): peak = 3821.871 ; gain = 0.000 ; free physical = 22280 ; free virtual = 52190
Writing XDEF routing.
Writing XDEF routing logical nets.
Writing XDEF routing special nets.
Wrote RouteStorage: Time (s): cpu = 00:00:00.42 ; elapsed = 00:00:00.09 . Memory (MB): peak = 3821.871 ; gain = 0.000 ; free physical = 22276 ; free virtual = 52190
Write ShapeDB Complete: Time (s): cpu = 00:00:00.69 ; elapsed = 00:00:00.15 . Memory (MB): peak = 3821.871 ; gain = 0.000 ; free physical = 22257 ; free virtual = 52187
Wrote PlaceStorage: Time (s): cpu = 00:00:05 ; elapsed = 00:00:02 . Memory (MB): peak = 3821.871 ; gain = 0.000 ; free physical = 22181 ; free virtual = 52171
Wrote Netlist Cache: Time (s): cpu = 00:00:00.09 ; elapsed = 00:00:00.05 . Memory (MB): peak = 3821.871 ; gain = 0.000 ; free physical = 22173 ; free virtual = 52169
Wrote Device Cache: Time (s): cpu = 00:00:00.01 ; elapsed = 00:00:00 . Memory (MB): peak = 3821.871 ; gain = 0.000 ; free physical = 22173 ; free virtual = 52170
Write Physdb Complete: Time (s): cpu = 00:00:05 ; elapsed = 00:00:02 . Memory (MB): peak = 3821.871 ; gain = 0.000 ; free physical = 22173 ; free virtual = 52170
INFO: [Common 17-1381] The checkpoint '/home/kokunev/data/git_root/laser_board_xdma_plus_ddr_2/project_1/project_1.runs/impl_1/design_1_wrapper_placed.dcp' has been generated.
Command: phys_opt_design
Attempting to get a license for feature 'Implementation' and/or device 'xc7a100t'
INFO: [Common 17-349] Got license for feature 'Implementation' and/or device 'xc7a100t'

Starting Initial Update Timing Task

Time (s): cpu = 00:00:18 ; elapsed = 00:00:04 . Memory (MB): peak = 3821.871 ; gain = 0.000 ; free physical = 22246 ; free virtual = 52182
INFO: [Vivado_Tcl 4-2279] Estimated Timing Summary | WNS= 0.544 | TNS= 0.000 | 
INFO: [Vivado_Tcl 4-383] Design worst setup slack (WNS) is greater than or equal to 0.000 ns. All physical synthesis setup optimizations will be skipped.
INFO: [Vivado_Tcl 4-232] No setup violation found. The netlist was not modified.
INFO: [Common 17-83] Releasing license: Implementation
103 Infos, 3 Warnings, 0 Critical Warnings and 0 Errors encountered.
phys_opt_design completed successfully
INFO: [Timing 38-480] Writing timing data to binary archive.
Wrote PlaceDB: Time (s): cpu = 00:00:00 ; elapsed = 00:00:00 . Memory (MB): peak = 3821.871 ; gain = 0.000 ; free physical = 22246 ; free virtual = 52184
Wrote PulsedLatchDB: Time (s): cpu = 00:00:00 ; elapsed = 00:00:00 . Memory (MB): peak = 3821.871 ; gain = 0.000 ; free physical = 22246 ; free virtual = 52184
Writing XDEF routing.
Writing XDEF routing logical nets.
Writing XDEF routing special nets.
Wrote RouteStorage: Time (s): cpu = 00:00:00.42 ; elapsed = 00:00:00.09 . Memory (MB): peak = 3821.871 ; gain = 0.000 ; free physical = 22242 ; free virtual = 52183
Write ShapeDB Complete: Time (s): cpu = 00:00:00.61 ; elapsed = 00:00:00.13 . Memory (MB): peak = 3821.871 ; gain = 0.000 ; free physical = 22234 ; free virtual = 52188
Wrote PlaceStorage: Time (s): cpu = 00:00:05 ; elapsed = 00:00:02 . Memory (MB): peak = 3821.871 ; gain = 0.000 ; free physical = 22183 ; free virtual = 52199
Wrote Netlist Cache: Time (s): cpu = 00:00:00.08 ; elapsed = 00:00:00.04 . Memory (MB): peak = 3821.871 ; gain = 0.000 ; free physical = 22176 ; free virtual = 52198
Wrote Device Cache: Time (s): cpu = 00:00:00.01 ; elapsed = 00:00:00.01 . Memory (MB): peak = 3821.871 ; gain = 0.000 ; free physical = 22176 ; free virtual = 52199
Write Physdb Complete: Time (s): cpu = 00:00:05 ; elapsed = 00:00:02 . Memory (MB): peak = 3821.871 ; gain = 0.000 ; free physical = 22176 ; free virtual = 52199
INFO: [Common 17-1381] The checkpoint '/home/kokunev/data/git_root/laser_board_xdma_plus_ddr_2/project_1/project_1.runs/impl_1/design_1_wrapper_physopt.dcp' has been generated.
Command: route_design
Attempting to get a license for feature 'Implementation' and/or device 'xc7a100t'
INFO: [Common 17-349] Got license for feature 'Implementation' and/or device 'xc7a100t'


Starting Routing Task
INFO: [Route 35-254] Multithreading enabled for route_design using a maximum of 8 CPUs

Phase 1 Build RT Design
Checksum: PlaceDB: 1e8305e1 ConstDB: 0 ShapeSum: cc1e53c4 RouteDB: b1d25f96
Post Restoration Checksum: NetGraph: e50c5971 | NumContArr: 1d91af82 | Constraints: c2a8fa9d | Timing: c2a8fa9d
Phase 1 Build RT Design | Checksum: 287effe2d

Time (s): cpu = 00:00:39 ; elapsed = 00:00:17 . Memory (MB): peak = 3821.871 ; gain = 0.000 ; free physical = 22260 ; free virtual = 52223

Phase 2 Router Initialization

Phase 2.1 Fix Topology Constraints
Phase 2.1 Fix Topology Constraints | Checksum: 35e751c1c

Time (s): cpu = 00:00:39 ; elapsed = 00:00:18 . Memory (MB): peak = 3821.871 ; gain = 0.000 ; free physical = 22259 ; free virtual = 52222

Phase 2.2 Pre Route Cleanup
Phase 2.2 Pre Route Cleanup | Checksum: 35e751c1c

Time (s): cpu = 00:00:39 ; elapsed = 00:00:18 . Memory (MB): peak = 3821.871 ; gain = 0.000 ; free physical = 22257 ; free virtual = 52220
 Number of Nodes with overlaps = 0

Phase 2.3 Update Timing
Phase 2.3 Update Timing | Checksum: 1d3b26718

Time (s): cpu = 00:01:08 ; elapsed = 00:00:24 . Memory (MB): peak = 3821.871 ; gain = 0.000 ; free physical = 22193 ; free virtual = 52156
INFO: [Route 35-416] Intermediate Timing Summary | WNS=0.532  | TNS=0.000  | WHS=-1.332 | THS=-4061.641|


Phase 2.4 Update Timing for Bus Skew

Phase 2.4.1 Update Timing
Phase 2.4.1 Update Timing | Checksum: 23783e8f7

Time (s): cpu = 00:01:26 ; elapsed = 00:00:28 . Memory (MB): peak = 3821.871 ; gain = 0.000 ; free physical = 22196 ; free virtual = 52158
INFO: [Route 35-416] Intermediate Timing Summary | WNS=0.532  | TNS=0.000  | WHS=-1.979 | THS=-62.485|

Phase 2.4 Update Timing for Bus Skew | Checksum: 2295df0d4

Time (s): cpu = 00:01:26 ; elapsed = 00:00:28 . Memory (MB): peak = 3821.871 ; gain = 0.000 ; free physical = 22196 ; free virtual = 52158

Phase 2.5 Soft Constraint Pins - Fast Budgeting
Phase 2.5 Soft Constraint Pins - Fast Budgeting | Checksum: 2295df0d4

Time (s): cpu = 00:01:27 ; elapsed = 00:00:29 . Memory (MB): peak = 3821.871 ; gain = 0.000 ; free physical = 22172 ; free virtual = 52135

Router Utilization Summary
  Global Vertical Routing Utilization    = 0 %
  Global Horizontal Routing Utilization  = 0.000568343 %
  Routable Net Status*
  *Does not include unroutable nets such as driverless and loadless.
  Run report_route_status for detailed report.
  Number of Failed Nets               = 67186
    (Failed Nets is the sum of unrouted and partially routed nets)
  Number of Unrouted Nets             = 67186
  Number of Partially Routed Nets     = 0
  Number of Node Overlaps             = 0

Phase 2 Router Initialization | Checksum: 1c3d0bcbb

Time (s): cpu = 00:01:28 ; elapsed = 00:00:29 . Memory (MB): peak = 3821.871 ; gain = 0.000 ; free physical = 22164 ; free virtual = 52127

Phase 3 Global Routing
Phase 3 Global Routing | Checksum: 1c3d0bcbb

Time (s): cpu = 00:01:28 ; elapsed = 00:00:29 . Memory (MB): peak = 3821.871 ; gain = 0.000 ; free physical = 22164 ; free virtual = 52127

Phase 4 Initial Routing

Phase 4.1 Initial Net Routing Pass
Phase 4.1 Initial Net Routing Pass | Checksum: 2a0659ead

Time (s): cpu = 00:01:42 ; elapsed = 00:00:32 . Memory (MB): peak = 3821.871 ; gain = 0.000 ; free physical = 22162 ; free virtual = 52125
Phase 4 Initial Routing | Checksum: 2a0659ead

Time (s): cpu = 00:01:42 ; elapsed = 00:00:32 . Memory (MB): peak = 3821.871 ; gain = 0.000 ; free physical = 22162 ; free virtual = 52125

Phase 5 Rip-up And Reroute

Phase 5.1 Global Iteration 0
 Number of Nodes with overlaps = 5642
 Number of Nodes with overlaps = 359
 Number of Nodes with overlaps = 89
 Number of Nodes with overlaps = 37
 Number of Nodes with overlaps = 14
 Number of Nodes with overlaps = 12
 Number of Nodes with overlaps = 2
 Number of Nodes with overlaps = 0
INFO: [Route 35-416] Intermediate Timing Summary | WNS=0.478  | TNS=0.000  | WHS=N/A    | THS=N/A    |

Phase 5.1 Global Iteration 0 | Checksum: 1f76d6e64

Time (s): cpu = 00:02:21 ; elapsed = 00:00:52 . Memory (MB): peak = 3821.871 ; gain = 0.000 ; free physical = 22151 ; free virtual = 52114
Phase 5 Rip-up And Reroute | Checksum: 1f76d6e64

Time (s): cpu = 00:02:21 ; elapsed = 00:00:52 . Memory (MB): peak = 3821.871 ; gain = 0.000 ; free physical = 22151 ; free virtual = 52114

Phase 6 Delay and Skew Optimization

Phase 6.1 Delay CleanUp

Phase 6.1.1 Update Timing
Phase 6.1.1 Update Timing | Checksum: 1f0d5a2f4

Time (s): cpu = 00:02:25 ; elapsed = 00:00:53 . Memory (MB): peak = 3821.871 ; gain = 0.000 ; free physical = 22152 ; free virtual = 52115
INFO: [Route 35-416] Intermediate Timing Summary | WNS=0.484  | TNS=0.000  | WHS=N/A    | THS=N/A    |

Phase 6.1 Delay CleanUp | Checksum: 1663e6443

Time (s): cpu = 00:02:25 ; elapsed = 00:00:53 . Memory (MB): peak = 3821.871 ; gain = 0.000 ; free physical = 22152 ; free virtual = 52115

Phase 6.2 Clock Skew Optimization
Phase 6.2 Clock Skew Optimization | Checksum: 1663e6443

Time (s): cpu = 00:02:25 ; elapsed = 00:00:53 . Memory (MB): peak = 3821.871 ; gain = 0.000 ; free physical = 22152 ; free virtual = 52115
Phase 6 Delay and Skew Optimization | Checksum: 1663e6443

Time (s): cpu = 00:02:25 ; elapsed = 00:00:53 . Memory (MB): peak = 3821.871 ; gain = 0.000 ; free physical = 22152 ; free virtual = 52115

Phase 7 Post Hold Fix

Phase 7.1 Hold Fix Iter
INFO: [Route 35-416] Intermediate Timing Summary | WNS=0.484  | TNS=0.000  | WHS=0.021  | THS=0.000  |

Phase 7.1 Hold Fix Iter | Checksum: 13cb8f90d

Time (s): cpu = 00:02:29 ; elapsed = 00:00:54 . Memory (MB): peak = 3821.871 ; gain = 0.000 ; free physical = 22151 ; free virtual = 52114
Phase 7 Post Hold Fix | Checksum: 13cb8f90d

Time (s): cpu = 00:02:29 ; elapsed = 00:00:54 . Memory (MB): peak = 3821.871 ; gain = 0.000 ; free physical = 22150 ; free virtual = 52113

Phase 8 Route finalize

Router Utilization Summary
  Global Vertical Routing Utilization    = 14.5534 %
  Global Horizontal Routing Utilization  = 17.5453 %
  Routable Net Status*
  *Does not include unroutable nets such as driverless and loadless.
  Run report_route_status for detailed report.
  Number of Failed Nets               = 0
    (Failed Nets is the sum of unrouted and partially routed nets)
  Number of Unrouted Nets             = 0
  Number of Partially Routed Nets     = 0
  Number of Node Overlaps             = 0

Phase 8 Route finalize | Checksum: 13cb8f90d

Time (s): cpu = 00:02:30 ; elapsed = 00:00:54 . Memory (MB): peak = 3821.871 ; gain = 0.000 ; free physical = 22150 ; free virtual = 52113

Phase 9 Verifying routed nets

 Verification completed successfully
Phase 9 Verifying routed nets | Checksum: 13cb8f90d

Time (s): cpu = 00:02:30 ; elapsed = 00:00:54 . Memory (MB): peak = 3821.871 ; gain = 0.000 ; free physical = 22150 ; free virtual = 52113

Phase 10 Depositing Routes
Phase 10 Depositing Routes | Checksum: 158323746

Time (s): cpu = 00:02:34 ; elapsed = 00:00:56 . Memory (MB): peak = 3821.871 ; gain = 0.000 ; free physical = 22151 ; free virtual = 52114

Phase 11 Post Process Routing
Phase 11 Post Process Routing | Checksum: 158323746

Time (s): cpu = 00:02:34 ; elapsed = 00:00:56 . Memory (MB): peak = 3821.871 ; gain = 0.000 ; free physical = 22151 ; free virtual = 52114

Phase 12 Post Router Timing
INFO: [Route 35-57] Estimated Timing Summary | WNS=0.484  | TNS=0.000  | WHS=0.021  | THS=0.000  |

INFO: [Route 35-327] The final timing numbers are based on the router estimated timing analysis. For a complete and accurate timing signoff, please run report_timing_summary.
Phase 12 Post Router Timing | Checksum: 158323746

Time (s): cpu = 00:02:35 ; elapsed = 00:00:57 . Memory (MB): peak = 3821.871 ; gain = 0.000 ; free physical = 22151 ; free virtual = 52114
Total Elapsed time in route_design: 56.52 secs

Phase 13 Post-Route Event Processing
Phase 13 Post-Route Event Processing | Checksum: 1e2ee8624

Time (s): cpu = 00:02:35 ; elapsed = 00:00:57 . Memory (MB): peak = 3821.871 ; gain = 0.000 ; free physical = 22151 ; free virtual = 52114
INFO: [Route 35-16] Router Completed Successfully
Ending Routing Task | Checksum: 1e2ee8624

Time (s): cpu = 00:02:35 ; elapsed = 00:00:57 . Memory (MB): peak = 3821.871 ; gain = 0.000 ; free physical = 22151 ; free virtual = 52114

Routing Is Done.
INFO: [Common 17-83] Releasing license: Implementation
116 Infos, 3 Warnings, 0 Critical Warnings and 0 Errors encountered.
route_design completed successfully
route_design: Time (s): cpu = 00:02:36 ; elapsed = 00:00:57 . Memory (MB): peak = 3821.871 ; gain = 0.000 ; free physical = 22151 ; free virtual = 52114
INFO: [Vivado 12-24828] Executing command : report_drc -file design_1_wrapper_drc_routed.rpt -pb design_1_wrapper_drc_routed.pb -rpx design_1_wrapper_drc_routed.rpx
Command: report_drc -file design_1_wrapper_drc_routed.rpt -pb design_1_wrapper_drc_routed.pb -rpx design_1_wrapper_drc_routed.rpx
INFO: [IP_Flow 19-1839] IP Catalog is up to date.
INFO: [DRC 23-27] Running DRC with 8 threads
INFO: [Vivado_Tcl 2-168] The results of DRC are in file /home/kokunev/data/git_root/laser_board_xdma_plus_ddr_2/project_1/project_1.runs/impl_1/design_1_wrapper_drc_routed.rpt.
report_drc completed successfully
INFO: [Vivado 12-24828] Executing command : report_methodology -file design_1_wrapper_methodology_drc_routed.rpt -pb design_1_wrapper_methodology_drc_routed.pb -rpx design_1_wrapper_methodology_drc_routed.rpx
Command: report_methodology -file design_1_wrapper_methodology_drc_routed.rpt -pb design_1_wrapper_methodology_drc_routed.pb -rpx design_1_wrapper_methodology_drc_routed.rpx
INFO: [Timing 38-35] Done setting XDC timing constraints.
INFO: [DRC 23-133] Running Methodology with 8 threads
INFO: [Vivado_Tcl 2-1520] The results of Report Methodology are in file /home/kokunev/data/git_root/laser_board_xdma_plus_ddr_2/project_1/project_1.runs/impl_1/design_1_wrapper_methodology_drc_routed.rpt.
report_methodology completed successfully
report_methodology: Time (s): cpu = 00:00:40 ; elapsed = 00:00:07 . Memory (MB): peak = 3821.871 ; gain = 0.000 ; free physical = 22153 ; free virtual = 52116
INFO: [Vivado 12-24828] Executing command : report_timing_summary -max_paths 10 -routable_nets -report_unconstrained -file design_1_wrapper_timing_summary_routed.rpt -pb design_1_wrapper_timing_summary_routed.pb -rpx design_1_wrapper_timing_summary_routed.rpx -warn_on_violation 
INFO: [Timing 38-35] Done setting XDC timing constraints.
INFO: [Timing 38-91] UpdateTimingParams: Speed grade: -2, Delay Type: min_max.
INFO: [Timing 38-191] Multithreading enabled for timing update using a maximum of 8 CPUs
WARNING: [Timing 38-436] There are set_bus_skew constraint(s) in this design. Please run report_bus_skew to ensure that bus skew requirements are met.
report_timing_summary: Time (s): cpu = 00:00:18 ; elapsed = 00:00:06 . Memory (MB): peak = 3821.871 ; gain = 0.000 ; free physical = 22130 ; free virtual = 52111
INFO: [Vivado 12-24838] Running report commands "report_bus_skew, report_incremental_reuse, report_route_status" in parallel.
Running report generation with 3 threads.
INFO: [Vivado 12-24828] Executing command : report_incremental_reuse -file design_1_wrapper_incremental_reuse_routed.rpt
INFO: [Vivado_Tcl 4-1062] Incremental flow is disabled. No incremental reuse Info to report.
INFO: [Vivado 12-24828] Executing command : report_bus_skew -warn_on_violation -file design_1_wrapper_bus_skew_routed.rpt -pb design_1_wrapper_bus_skew_routed.pb -rpx design_1_wrapper_bus_skew_routed.rpx
INFO: [Timing 38-91] UpdateTimingParams: Speed grade: -2, Delay Type: min_max.
INFO: [Timing 38-191] Multithreading enabled for timing update using a maximum of 8 CPUs
INFO: [Vivado 12-24828] Executing command : report_route_status -file design_1_wrapper_route_status.rpt -pb design_1_wrapper_route_status.pb
INFO: [Vivado 12-24828] Executing command : report_power -file design_1_wrapper_power_routed.rpt -pb design_1_wrapper_power_summary_routed.pb -rpx design_1_wrapper_power_routed.rpx
Command: report_power -file design_1_wrapper_power_routed.rpt -pb design_1_wrapper_power_summary_routed.pb -rpx design_1_wrapper_power_routed.rpx
Running Vector-less Activity Propagation...

Finished Running Vector-less Activity Propagation
WARNING: [Power 33-332] Found switching activity that implies high-fanout reset nets being asserted for excessive periods of time which may result in inaccurate power analysis.
Resolution: To review and fix problems, please run Power Constraints Advisor in the GUI from Tools > Power Constraints Advisor or run report_power with the -advisory option to generate a text report.
136 Infos, 5 Warnings, 0 Critical Warnings and 0 Errors encountered.
report_power completed successfully
report_power: Time (s): cpu = 00:00:18 ; elapsed = 00:00:07 . Memory (MB): peak = 3821.871 ; gain = 0.000 ; free physical = 21986 ; free virtual = 51981
INFO: [Vivado 12-24828] Executing command : report_clock_utilization -file design_1_wrapper_clock_utilization_routed.rpt
generate_parallel_reports: Time (s): cpu = 00:01:29 ; elapsed = 00:00:25 . Memory (MB): peak = 3821.871 ; gain = 0.000 ; free physical = 21986 ; free virtual = 51981
INFO: [Timing 38-480] Writing timing data to binary archive.
Wrote PlaceDB: Time (s): cpu = 00:00:00 ; elapsed = 00:00:00 . Memory (MB): peak = 3821.871 ; gain = 0.000 ; free physical = 21986 ; free virtual = 51981
Wrote PulsedLatchDB: Time (s): cpu = 00:00:00 ; elapsed = 00:00:00 . Memory (MB): peak = 3821.871 ; gain = 0.000 ; free physical = 21986 ; free virtual = 51981
Writing XDEF routing.
Writing XDEF routing logical nets.
Write ShapeDB Complete: Time (s): cpu = 00:00:00.63 ; elapsed = 00:00:00.13 . Memory (MB): peak = 3821.871 ; gain = 0.000 ; free physical = 21947 ; free virtual = 51962
Writing XDEF routing special nets.
Wrote RouteStorage: Time (s): cpu = 00:00:02 ; elapsed = 00:00:00.41 . Memory (MB): peak = 3821.871 ; gain = 0.000 ; free physical = 21934 ; free virtual = 51970
Wrote PlaceStorage: Time (s): cpu = 00:00:04 ; elapsed = 00:00:02 . Memory (MB): peak = 3821.871 ; gain = 0.000 ; free physical = 21889 ; free virtual = 51975
Wrote Netlist Cache: Time (s): cpu = 00:00:00.04 ; elapsed = 00:00:00.05 . Memory (MB): peak = 3821.871 ; gain = 0.000 ; free physical = 21881 ; free virtual = 51974
Wrote Device Cache: Time (s): cpu = 00:00:00 ; elapsed = 00:00:00 . Memory (MB): peak = 3821.871 ; gain = 0.000 ; free physical = 21881 ; free virtual = 51975
Write Physdb Complete: Time (s): cpu = 00:00:06 ; elapsed = 00:00:02 . Memory (MB): peak = 3821.871 ; gain = 0.000 ; free physical = 21881 ; free virtual = 51975
INFO: [Common 17-1381] The checkpoint '/home/kokunev/data/git_root/laser_board_xdma_plus_ddr_2/project_1/project_1.runs/impl_1/design_1_wrapper_routed.dcp' has been generated.
INFO: [Memdata 28-208] The XPM instance: <design_1_i/xdma_0/inst/ram_top/mas_bridge_ram_write_512.MASTER_WRITE_FIFO/xpm_memory_sdpram_inst_loop[0].xpm_memory_sdpram_inst/xpm_memory_base_inst> is part of IP: <design_1_i/xdma_0>. This XPM instance will be excluded from the .mmi because updatemem is prohibited from making changes to an XPM that is part of an IP.
INFO: [Memdata 28-208] The XPM instance: <design_1_i/xdma_0/inst/ram_top/gen_h2c_bram.H2C_DAT1_FIFO/xpm_memory_sdpram_inst_loop[1].xpm_memory_sdpram_inst/xpm_memory_base_inst> is part of IP: <design_1_i/xdma_0>. This XPM instance will be excluded from the .mmi because updatemem is prohibited from making changes to an XPM that is part of an IP.
INFO: [Memdata 28-208] The XPM instance: <design_1_i/xdma_0/inst/ram_top/gen_h2c_bram.H2C_DAT1_FIFO/xpm_memory_sdpram_inst_loop[0].xpm_memory_sdpram_inst/xpm_memory_base_inst> is part of IP: <design_1_i/xdma_0>. This XPM instance will be excluded from the .mmi because updatemem is prohibited from making changes to an XPM that is part of an IP.
INFO: [Memdata 28-208] The XPM instance: <design_1_i/xdma_0/inst/ram_top/gen_h2c_bram.H2C_DAT0_FIFO/xpm_memory_sdpram_inst_loop[1].xpm_memory_sdpram_inst/xpm_memory_base_inst> is part of IP: <design_1_i/xdma_0>. This XPM instance will be excluded from the .mmi because updatemem is prohibited from making changes to an XPM that is part of an IP.
INFO: [Memdata 28-208] The XPM instance: <design_1_i/xdma_0/inst/ram_top/gen_h2c_bram.H2C_DAT0_FIFO/xpm_memory_sdpram_inst_loop[0].xpm_memory_sdpram_inst/xpm_memory_base_inst> is part of IP: <design_1_i/xdma_0>. This XPM instance will be excluded from the .mmi because updatemem is prohibited from making changes to an XPM that is part of an IP.
INFO: [Memdata 28-208] The XPM instance: <design_1_i/xdma_0/inst/ram_top/gen_c2h_bram.C2H_DAT1_FIFO/xpm_memory_sdpram_inst_loop[1].xpm_memory_sdpram_inst/xpm_memory_base_inst> is part of IP: <design_1_i/xdma_0>. This XPM instance will be excluded from the .mmi because updatemem is prohibited from making changes to an XPM that is part of an IP.
INFO: [Memdata 28-208] The XPM instance: <design_1_i/xdma_0/inst/ram_top/gen_c2h_bram.C2H_DAT1_FIFO/xpm_memory_sdpram_inst_loop[0].xpm_memory_sdpram_inst/xpm_memory_base_inst> is part of IP: <design_1_i/xdma_0>. This XPM instance will be excluded from the .mmi because updatemem is prohibited from making changes to an XPM that is part of an IP.
INFO: [Memdata 28-208] The XPM instance: <design_1_i/xdma_0/inst/ram_top/gen_c2h_bram.C2H_DAT0_FIFO/xpm_memory_sdpram_inst_loop[1].xpm_memory_sdpram_inst/xpm_memory_base_inst> is part of IP: <design_1_i/xdma_0>. This XPM instance will be excluded from the .mmi because updatemem is prohibited from making changes to an XPM that is part of an IP.
INFO: [Memdata 28-208] The XPM instance: <design_1_i/xdma_0/inst/ram_top/gen_c2h_bram.C2H_DAT0_FIFO/xpm_memory_sdpram_inst_loop[0].xpm_memory_sdpram_inst/xpm_memory_base_inst> is part of IP: <design_1_i/xdma_0>. This XPM instance will be excluded from the .mmi because updatemem is prohibited from making changes to an XPM that is part of an IP.
INFO: [Memdata 28-208] The XPM instance: <design_1_i/xdma_0/inst/ram_top/MASTER_READ_BRAM/xpm_memory_sdpram_inst_loop[0].xpm_memory_sdpram_inst/xpm_memory_base_inst> is part of IP: <design_1_i/xdma_0>. This XPM instance will be excluded from the .mmi because updatemem is prohibited from making changes to an XPM that is part of an IP.
INFO: [Memdata 28-167] Found XPM memory block design_1_i/axi_smc_1/inst/s00_nodes/s00_w_node/inst/inst_mi_handler/gen_normal_area.inst_fifo_node_payld/gen_xpm_memory_fifo.inst_fifo/gen_mem_rep[1].inst_xpm_memory/xpm_memory_base_inst with a P_MEMORY_PRIMITIVE property set to distributed. A value of block is required. You will not be able to use the updatemem program to update the bitstream with new data for the design_1_i/axi_smc_1/inst/s00_nodes/s00_w_node/inst/inst_mi_handler/gen_normal_area.inst_fifo_node_payld/gen_xpm_memory_fifo.inst_fifo/gen_mem_rep[1].inst_xpm_memory/xpm_memory_base_inst block.
INFO: [Memdata 28-167] Found XPM memory block design_1_i/axi_smc_1/inst/s00_nodes/s00_w_node/inst/inst_mi_handler/gen_normal_area.inst_fifo_node_payld/gen_xpm_memory_fifo.inst_fifo/gen_mem_rep[0].inst_xpm_memory/xpm_memory_base_inst with a P_MEMORY_PRIMITIVE property set to distributed. A value of block is required. You will not be able to use the updatemem program to update the bitstream with new data for the design_1_i/axi_smc_1/inst/s00_nodes/s00_w_node/inst/inst_mi_handler/gen_normal_area.inst_fifo_node_payld/gen_xpm_memory_fifo.inst_fifo/gen_mem_rep[0].inst_xpm_memory/xpm_memory_base_inst block.
INFO: [Memdata 28-167] Found XPM memory block design_1_i/axi_smc_1/inst/s00_nodes/s00_r_node/inst/inst_mi_handler/gen_normal_area.inst_fifo_node_payld/gen_xpm_memory_fifo.inst_fifo/gen_mem_rep[1].inst_xpm_memory/xpm_memory_base_inst with a P_MEMORY_PRIMITIVE property set to distributed. A value of block is required. You will not be able to use the updatemem program to update the bitstream with new data for the design_1_i/axi_smc_1/inst/s00_nodes/s00_r_node/inst/inst_mi_handler/gen_normal_area.inst_fifo_node_payld/gen_xpm_memory_fifo.inst_fifo/gen_mem_rep[1].inst_xpm_memory/xpm_memory_base_inst block.
INFO: [Memdata 28-167] Found XPM memory block design_1_i/axi_smc_1/inst/s00_nodes/s00_r_node/inst/inst_mi_handler/gen_normal_area.inst_fifo_node_payld/gen_xpm_memory_fifo.inst_fifo/gen_mem_rep[0].inst_xpm_memory/xpm_memory_base_inst with a P_MEMORY_PRIMITIVE property set to distributed. A value of block is required. You will not be able to use the updatemem program to update the bitstream with new data for the design_1_i/axi_smc_1/inst/s00_nodes/s00_r_node/inst/inst_mi_handler/gen_normal_area.inst_fifo_node_payld/gen_xpm_memory_fifo.inst_fifo/gen_mem_rep[0].inst_xpm_memory/xpm_memory_base_inst block.
INFO: [Memdata 28-167] Found XPM memory block design_1_i/axi_smc_1/inst/s00_nodes/s00_b_node/inst/inst_mi_handler/gen_normal_area.inst_fifo_node_payld/gen_xpm_memory_fifo.inst_fifo/gen_mem_rep[0].inst_xpm_memory/xpm_memory_base_inst with a P_MEMORY_PRIMITIVE property set to distributed. A value of block is required. You will not be able to use the updatemem program to update the bitstream with new data for the design_1_i/axi_smc_1/inst/s00_nodes/s00_b_node/inst/inst_mi_handler/gen_normal_area.inst_fifo_node_payld/gen_xpm_memory_fifo.inst_fifo/gen_mem_rep[0].inst_xpm_memory/xpm_memory_base_inst block.
INFO: [Memdata 28-167] Found XPM memory block design_1_i/axi_smc_1/inst/s00_nodes/s00_aw_node/inst/inst_mi_handler/gen_normal_area.inst_fifo_node_payld/gen_xpm_memory_fifo.inst_fifo/gen_mem_rep[0].inst_xpm_memory/xpm_memory_base_inst with a P_MEMORY_PRIMITIVE property set to distributed. A value of block is required. You will not be able to use the updatemem program to update the bitstream with new data for the design_1_i/axi_smc_1/inst/s00_nodes/s00_aw_node/inst/inst_mi_handler/gen_normal_area.inst_fifo_node_payld/gen_xpm_memory_fifo.inst_fifo/gen_mem_rep[0].inst_xpm_memory/xpm_memory_base_inst block.
INFO: [Memdata 28-167] Found XPM memory block design_1_i/axi_smc_1/inst/s00_nodes/s00_ar_node/inst/inst_mi_handler/gen_normal_area.inst_fifo_node_payld/gen_xpm_memory_fifo.inst_fifo/gen_mem_rep[0].inst_xpm_memory/xpm_memory_base_inst with a P_MEMORY_PRIMITIVE property set to distributed. A value of block is required. You will not be able to use the updatemem program to update the bitstream with new data for the design_1_i/axi_smc_1/inst/s00_nodes/s00_ar_node/inst/inst_mi_handler/gen_normal_area.inst_fifo_node_payld/gen_xpm_memory_fifo.inst_fifo/gen_mem_rep[0].inst_xpm_memory/xpm_memory_base_inst block.
Command: write_bitstream -force design_1_wrapper.bit -bin_file
Attempting to get a license for feature 'Implementation' and/or device 'xc7a100t'
INFO: [Common 17-349] Got license for feature 'Implementation' and/or device 'xc7a100t'
Running DRC as a precondition to command write_bitstream
INFO: [IP_Flow 19-1839] IP Catalog is up to date.
INFO: [DRC 23-27] Running DRC with 8 threads
INFO: [Vivado 12-3199] DRC finished with 0 Errors
INFO: [Vivado 12-3200] Please refer to the DRC report (report_drc) for more information.
Integrating Hard IP ELF/MEM with the PDI.
INFO: [Designutils 20-2272] Running write_bitstream with 8 threads.
Loading data files...
Loading site data...
Loading route data...
Processing options...
Creating bitmap...
Creating bitstream...
Bitstream compression saved 7302496 bits.
Writing bitstream ./design_1_wrapper.bit...
Writing bitstream ./design_1_wrapper.bin...
INFO: [Vivado 12-1842] Bitgen Completed Successfully.
INFO: [Common 17-83] Releasing license: Implementation
164 Infos, 5 Warnings, 0 Critical Warnings and 0 Errors encountered.
write_bitstream completed successfully
write_bitstream: Time (s): cpu = 00:00:41 ; elapsed = 00:00:20 . Memory (MB): peak = 4200.449 ; gain = 378.578 ; free physical = 21593 ; free virtual = 51624
INFO: [Common 17-206] Exiting Vivado at Wed Jul 15 09:49:59 2026...
