Copyright 1986-2022 Xilinx, Inc. All Rights Reserved. Copyright 2022-2025 Advanced Micro Devices, Inc. All Rights Reserved.
---------------------------------------------------------------------------------------------------------------------------------------------
| Tool Version : Vivado v.2025.2 (lin64) Build 6299465 Fri Nov 14 12:34:56 MST 2025
| Date         : Fri Jun 26 09:56:30 2026
| Host         : emerald running 64-bit Ubuntu 26.04 LTS
| Command      : upgrade_ip
| Device       : xc7a100tfgg484-2
---------------------------------------------------------------------------------------------------------------------------------------------

Upgrade Log for IP 'design_1_xdma_0_0'

1. Summary
----------

SUCCESS in the update of design_1_xdma_0_0 (xilinx.com:ip:xdma:4.2 (Rev. 2)) to current project options.






Copyright 1986-2022 Xilinx, Inc. All Rights Reserved. Copyright 2022-2025 Advanced Micro Devices, Inc. All Rights Reserved.
---------------------------------------------------------------------------------------------------------------------------------------------
| Tool Version : Vivado v.2025.2 (lin64) Build 6299465 Fri Nov 14 12:34:56 MST 2025
| Date         : Fri Jun 26 09:56:29 2026
| Host         : emerald running 64-bit Ubuntu 26.04 LTS
| Command      : upgrade_ip
| Device       : xc7a100tfgg484-2
---------------------------------------------------------------------------------------------------------------------------------------------

Upgrade Log for IP 'design_1_util_ds_buf_0_0'

1. Summary
----------

SUCCESS in the update of design_1_util_ds_buf_0_0 (xilinx.com:ip:util_ds_buf:2.2 (Rev. 9)) to current project options.






Copyright 1986-2022 Xilinx, Inc. All Rights Reserved. Copyright 2022-2025 Advanced Micro Devices, Inc. All Rights Reserved.
---------------------------------------------------------------------------------------------------------------------------------------------
| Tool Version : Vivado v.2025.2 (lin64) Build 6299465 Fri Nov 14 12:34:56 MST 2025
| Date         : Fri Jun 26 09:56:29 2026
| Host         : emerald running 64-bit Ubuntu 26.04 LTS
| Command      : upgrade_ip
| Device       : xc7a100tfgg484-2
---------------------------------------------------------------------------------------------------------------------------------------------

Upgrade Log for IP 'design_1_proc_sys_reset_0_0'

1. Summary
----------

SUCCESS in the update of design_1_proc_sys_reset_0_0 (xilinx.com:ip:proc_sys_reset:5.0 (Rev. 17)) to current project options.

