
*** Running vivado
    with args -log design_1_proc_sys_reset_0_0.vds -m64 -product Vivado -mode batch -messageDb vivado.pb -notrace -source design_1_proc_sys_reset_0_0.tcl


****** Vivado v2025.2 (64-bit)
  **** SW Build 6299465 on Fri Nov 14 12:34:56 MST 2025
  **** IP Build 6300035 on Fri Nov 14 10:48:45 MST 2025
  **** SharedData Build 6298862 on Thu Nov 13 04:50:51 MST 2025
  **** Start of session at: Fri Jun 26 13:43:51 2026
    ** Copyright 1986-2022 Xilinx, Inc. All Rights Reserved.
    ** Copyright 2022-2025 Advanced Micro Devices, Inc. All Rights Reserved.

WARNING: [Runs 36-547] User Strategy 'Vivado Implementation Defaults' from file '/home/kokunev/.Xilinx/Vivado/2025.2/strategies/Vivado Implementation Defaults.Vivado Implementation 2025.psg' discarded because strategy with same name already parsed from '/opt/Xilinx/2025.2/Vivado/strategies/VDI2025.psg'
WARNING: [Runs 36-547] User Strategy 'Vivado Implementation Defaults' from file '/home/kokunev/.Xilinx/Vivado/2025.2/strategies/Vivado Implementation Defaults_2.Vivado Implementation 2025.psg' discarded because strategy with same name already parsed from '/opt/Xilinx/2025.2/Vivado/strategies/VDI2025.psg'
source design_1_proc_sys_reset_0_0.tcl -notrace
Command: synth_design -top design_1_proc_sys_reset_0_0 -part xc7a100tfgg484-2 -incremental_mode off -mode out_of_context
Starting synth_design
Attempting to get a license for feature 'Synthesis' and/or device 'xc7a100t'
INFO: [Common 17-349] Got license for feature 'Synthesis' and/or device 'xc7a100t'
INFO: [Device 21-403] Loading part xc7a100tfgg484-2
INFO: [Synth 8-7079] Multithreading enabled for synth_design using a maximum of 7 processes.
INFO: [Synth 8-7078] Launching helper process for spawning children vivado processes
INFO: [Synth 8-7075] Helper process launched with PID 784930
---------------------------------------------------------------------------------
Starting RTL Elaboration : Time (s): cpu = 00:00:03 ; elapsed = 00:00:03 . Memory (MB): peak = 2238.016 ; gain = 483.156 ; free physical = 44760 ; free virtual = 58514
---------------------------------------------------------------------------------
INFO: [Synth 8-638] synthesizing module 'design_1_proc_sys_reset_0_0' [/home/kokunev/data/git_root/laser_board_xdma_plus_ddr/project_1/project_1.gen/sources_1/bd/design_1/ip/design_1_proc_sys_reset_0_0/synth/design_1_proc_sys_reset_0_0.vhd:74]
	Parameter C_FAMILY bound to: artix7 - type: string 
	Parameter C_EXT_RST_WIDTH bound to: 4 - type: integer 
	Parameter C_AUX_RST_WIDTH bound to: 4 - type: integer 
	Parameter C_EXT_RESET_HIGH bound to: 1'b0 
	Parameter C_AUX_RESET_HIGH bound to: 1'b0 
	Parameter C_NUM_BUS_RST bound to: 1 - type: integer 
	Parameter C_NUM_PERP_RST bound to: 1 - type: integer 
	Parameter C_NUM_INTERCONNECT_ARESETN bound to: 1 - type: integer 
	Parameter C_NUM_PERP_ARESETN bound to: 1 - type: integer 
INFO: [Synth 8-3491] module 'proc_sys_reset' declared at '/home/kokunev/data/git_root/laser_board_xdma_plus_ddr/project_1/project_1.gen/sources_1/bd/design_1/ipshared/9438/hdl/proc_sys_reset_v5_0_vh_rfs.vhd:1243' bound to instance 'U0' of component 'proc_sys_reset' [/home/kokunev/data/git_root/laser_board_xdma_plus_ddr/project_1/project_1.gen/sources_1/bd/design_1/ip/design_1_proc_sys_reset_0_0/synth/design_1_proc_sys_reset_0_0.vhd:139]
INFO: [Synth 8-638] synthesizing module 'proc_sys_reset' [/home/kokunev/data/git_root/laser_board_xdma_plus_ddr/project_1/project_1.gen/sources_1/bd/design_1/ipshared/9438/hdl/proc_sys_reset_v5_0_vh_rfs.vhd:1302]
	Parameter INIT bound to: 1'b1 
INFO: [Synth 8-113] binding component instance 'FDRE_inst' to cell 'FDRE' [/home/kokunev/data/git_root/laser_board_xdma_plus_ddr/project_1/project_1.gen/sources_1/bd/design_1/ipshared/9438/hdl/proc_sys_reset_v5_0_vh_rfs.vhd:1371]
	Parameter INIT bound to: 1'b1 
INFO: [Synth 8-113] binding component instance 'FDRE_BSR' to cell 'FDRE' [/home/kokunev/data/git_root/laser_board_xdma_plus_ddr/project_1/project_1.gen/sources_1/bd/design_1/ipshared/9438/hdl/proc_sys_reset_v5_0_vh_rfs.vhd:1387]
	Parameter INIT bound to: 1'b0 
INFO: [Synth 8-113] binding component instance 'FDRE_BSR_N' to cell 'FDRE' [/home/kokunev/data/git_root/laser_board_xdma_plus_ddr/project_1/project_1.gen/sources_1/bd/design_1/ipshared/9438/hdl/proc_sys_reset_v5_0_vh_rfs.vhd:1413]
	Parameter INIT bound to: 1'b1 
INFO: [Synth 8-113] binding component instance 'FDRE_PER' to cell 'FDRE' [/home/kokunev/data/git_root/laser_board_xdma_plus_ddr/project_1/project_1.gen/sources_1/bd/design_1/ipshared/9438/hdl/proc_sys_reset_v5_0_vh_rfs.vhd:1436]
	Parameter INIT bound to: 1'b0 
INFO: [Synth 8-113] binding component instance 'FDRE_PER_N' to cell 'FDRE' [/home/kokunev/data/git_root/laser_board_xdma_plus_ddr/project_1/project_1.gen/sources_1/bd/design_1/ipshared/9438/hdl/proc_sys_reset_v5_0_vh_rfs.vhd:1460]
INFO: [Synth 8-638] synthesizing module 'lpf' [/home/kokunev/data/git_root/laser_board_xdma_plus_ddr/project_1/project_1.gen/sources_1/bd/design_1/ipshared/9438/hdl/proc_sys_reset_v5_0_vh_rfs.vhd:821]
INFO: [Synth 8-3491] module 'SRL16' declared at '/opt/Xilinx/2025.2/Vivado/scripts/rt/data/unisim_comp.v:165318' bound to instance 'POR_SRL_I' of component 'SRL16' [/home/kokunev/data/git_root/laser_board_xdma_plus_ddr/project_1/project_1.gen/sources_1/bd/design_1/ipshared/9438/hdl/proc_sys_reset_v5_0_vh_rfs.vhd:873]
INFO: [Synth 8-6157] synthesizing module 'SRL16' [/opt/Xilinx/2025.2/Vivado/scripts/rt/data/unisim_comp.v:165318]
INFO: [Synth 8-6155] done synthesizing module 'SRL16' (0#1) [/opt/Xilinx/2025.2/Vivado/scripts/rt/data/unisim_comp.v:165318]
	Parameter DEST_SYNC_FF bound to: 4 - type: integer 
	Parameter INIT_SYNC_FF bound to: 0 - type: integer 
	Parameter SIM_ASSERT_CHK bound to: 0 - type: integer 
	Parameter SRC_INPUT_REG bound to: 0 - type: integer 
INFO: [Synth 8-3491] module 'xpm_cdc_single' declared at '/opt/Xilinx/2025.2/data/ip/xpm/xpm_cdc/hdl/xpm_cdc.sv:152' bound to instance 'ACT_LO_EXT' of component 'xpm_cdc_single' [/home/kokunev/data/git_root/laser_board_xdma_plus_ddr/project_1/project_1.gen/sources_1/bd/design_1/ipshared/9438/hdl/proc_sys_reset_v5_0_vh_rfs.vhd:968]
INFO: [Synth 8-6157] synthesizing module 'xpm_cdc_single' [/opt/Xilinx/2025.2/data/ip/xpm/xpm_cdc/hdl/xpm_cdc.sv:152]
INFO: [Synth 8-6155] done synthesizing module 'xpm_cdc_single' (0#1) [/opt/Xilinx/2025.2/data/ip/xpm/xpm_cdc/hdl/xpm_cdc.sv:152]
	Parameter DEST_SYNC_FF bound to: 4 - type: integer 
	Parameter INIT_SYNC_FF bound to: 0 - type: integer 
	Parameter SIM_ASSERT_CHK bound to: 0 - type: integer 
	Parameter SRC_INPUT_REG bound to: 0 - type: integer 
INFO: [Synth 8-3491] module 'xpm_cdc_single' declared at '/opt/Xilinx/2025.2/data/ip/xpm/xpm_cdc/hdl/xpm_cdc.sv:152' bound to instance 'ACT_LO_AUX' of component 'xpm_cdc_single' [/home/kokunev/data/git_root/laser_board_xdma_plus_ddr/project_1/project_1.gen/sources_1/bd/design_1/ipshared/9438/hdl/proc_sys_reset_v5_0_vh_rfs.vhd:1015]
INFO: [Synth 8-256] done synthesizing module 'lpf' (0#1) [/home/kokunev/data/git_root/laser_board_xdma_plus_ddr/project_1/project_1.gen/sources_1/bd/design_1/ipshared/9438/hdl/proc_sys_reset_v5_0_vh_rfs.vhd:821]
INFO: [Synth 8-638] synthesizing module 'sequence_psr' [/home/kokunev/data/git_root/laser_board_xdma_plus_ddr/project_1/project_1.gen/sources_1/bd/design_1/ipshared/9438/hdl/proc_sys_reset_v5_0_vh_rfs.vhd:304]
INFO: [Synth 8-638] synthesizing module 'upcnt_n' [/home/kokunev/data/git_root/laser_board_xdma_plus_ddr/project_1/project_1.gen/sources_1/bd/design_1/ipshared/9438/hdl/proc_sys_reset_v5_0_vh_rfs.vhd:126]
INFO: [Synth 8-256] done synthesizing module 'upcnt_n' (0#1) [/home/kokunev/data/git_root/laser_board_xdma_plus_ddr/project_1/project_1.gen/sources_1/bd/design_1/ipshared/9438/hdl/proc_sys_reset_v5_0_vh_rfs.vhd:126]
INFO: [Synth 8-256] done synthesizing module 'sequence_psr' (0#1) [/home/kokunev/data/git_root/laser_board_xdma_plus_ddr/project_1/project_1.gen/sources_1/bd/design_1/ipshared/9438/hdl/proc_sys_reset_v5_0_vh_rfs.vhd:304]
INFO: [Synth 8-256] done synthesizing module 'proc_sys_reset' (0#1) [/home/kokunev/data/git_root/laser_board_xdma_plus_ddr/project_1/project_1.gen/sources_1/bd/design_1/ipshared/9438/hdl/proc_sys_reset_v5_0_vh_rfs.vhd:1302]
INFO: [Synth 8-256] done synthesizing module 'design_1_proc_sys_reset_0_0' (0#1) [/home/kokunev/data/git_root/laser_board_xdma_plus_ddr/project_1/project_1.gen/sources_1/bd/design_1/ip/design_1_proc_sys_reset_0_0/synth/design_1_proc_sys_reset_0_0.vhd:74]
INFO: [Synth 8-7129] Port src_clk in module xpm_cdc_single is either unconnected or has no load
---------------------------------------------------------------------------------
Finished RTL Elaboration : Time (s): cpu = 00:00:04 ; elapsed = 00:00:04 . Memory (MB): peak = 2328.984 ; gain = 574.125 ; free physical = 44629 ; free virtual = 58384
---------------------------------------------------------------------------------
---------------------------------------------------------------------------------
Start Handling Custom Attributes
---------------------------------------------------------------------------------
---------------------------------------------------------------------------------
Finished Handling Custom Attributes : Time (s): cpu = 00:00:04 ; elapsed = 00:00:04 . Memory (MB): peak = 2343.828 ; gain = 588.969 ; free physical = 44629 ; free virtual = 58384
---------------------------------------------------------------------------------
---------------------------------------------------------------------------------
Finished RTL Optimization Phase 1 : Time (s): cpu = 00:00:04 ; elapsed = 00:00:04 . Memory (MB): peak = 2343.828 ; gain = 588.969 ; free physical = 44629 ; free virtual = 58384
---------------------------------------------------------------------------------
Netlist sorting complete. Time (s): cpu = 00:00:00 ; elapsed = 00:00:00 . Memory (MB): peak = 2349.766 ; gain = 0.000 ; free physical = 44629 ; free virtual = 58384
INFO: [Netlist 29-17] Analyzing 1 Unisim elements for replacement
INFO: [Netlist 29-28] Unisim Transformation completed in 0 CPU seconds
INFO: [Project 1-570] Preparing netlist for logic optimization

Processing XDC Constraints
Initializing timing engine
Parsing XDC File [/home/kokunev/data/git_root/laser_board_xdma_plus_ddr/project_1/project_1.gen/sources_1/bd/design_1/ip/design_1_proc_sys_reset_0_0/design_1_proc_sys_reset_0_0_ooc.xdc] for cell 'U0'
Finished Parsing XDC File [/home/kokunev/data/git_root/laser_board_xdma_plus_ddr/project_1/project_1.gen/sources_1/bd/design_1/ip/design_1_proc_sys_reset_0_0/design_1_proc_sys_reset_0_0_ooc.xdc] for cell 'U0'
Parsing XDC File [/home/kokunev/data/git_root/laser_board_xdma_plus_ddr/project_1/project_1.gen/sources_1/bd/design_1/ip/design_1_proc_sys_reset_0_0/design_1_proc_sys_reset_0_0_board.xdc] for cell 'U0'
Finished Parsing XDC File [/home/kokunev/data/git_root/laser_board_xdma_plus_ddr/project_1/project_1.gen/sources_1/bd/design_1/ip/design_1_proc_sys_reset_0_0/design_1_proc_sys_reset_0_0_board.xdc] for cell 'U0'
Parsing XDC File [/home/kokunev/data/git_root/laser_board_xdma_plus_ddr/project_1/project_1.runs/design_1_proc_sys_reset_0_0_synth_1/dont_touch.xdc]
Finished Parsing XDC File [/home/kokunev/data/git_root/laser_board_xdma_plus_ddr/project_1/project_1.runs/design_1_proc_sys_reset_0_0_synth_1/dont_touch.xdc]
INFO: [Project 1-236] Implementation specific constraints were found while reading constraint file [/opt/Xilinx/2025.2/data/ip/xpm/xpm_cdc/tcl/xpm_cdc_single.tcl]. These constraints will be ignored for synthesis but will be used in implementation. Impacted constraints are listed in the file [.Xil/design_1_proc_sys_reset_0_0_propImpl.xdc].
Resolution: To avoid this warning, move constraints listed in [.Xil/design_1_proc_sys_reset_0_0_propImpl.xdc] to another XDC file and exclude this new file from synthesis with the used_in_synthesis property (File Properties dialog in GUI) and re-run elaboration/synthesis.
INFO: [Project 1-1714] 2 XPM XDC files have been applied to the design.
Completed Processing XDC Constraints

Netlist sorting complete. Time (s): cpu = 00:00:00 ; elapsed = 00:00:00 . Memory (MB): peak = 2454.598 ; gain = 0.000 ; free physical = 44618 ; free virtual = 58372
INFO: [Project 1-111] Unisim Transformation Summary:
  A total of 1 instances were transformed.
  SRL16 => SRL16E: 1 instance 

Constraint Validation Runtime : Time (s): cpu = 00:00:00 ; elapsed = 00:00:00 . Memory (MB): peak = 2454.633 ; gain = 0.000 ; free physical = 44618 ; free virtual = 58372
INFO: [Designutils 20-5008] Incremental synthesis strategy off
---------------------------------------------------------------------------------
Finished Constraint Validation : Time (s): cpu = 00:00:08 ; elapsed = 00:00:08 . Memory (MB): peak = 2454.633 ; gain = 699.773 ; free physical = 44368 ; free virtual = 58123
---------------------------------------------------------------------------------
---------------------------------------------------------------------------------
Start Loading Part and Timing Information
---------------------------------------------------------------------------------
Loading part: xc7a100tfgg484-2
---------------------------------------------------------------------------------
Finished Loading Part and Timing Information : Time (s): cpu = 00:00:08 ; elapsed = 00:00:08 . Memory (MB): peak = 2462.602 ; gain = 707.742 ; free physical = 44368 ; free virtual = 58123
---------------------------------------------------------------------------------
---------------------------------------------------------------------------------
Start Applying 'set_property' XDC Constraints
---------------------------------------------------------------------------------
---------------------------------------------------------------------------------
Finished applying 'set_property' XDC Constraints : Time (s): cpu = 00:00:08 ; elapsed = 00:00:08 . Memory (MB): peak = 2462.602 ; gain = 707.742 ; free physical = 44368 ; free virtual = 58123
---------------------------------------------------------------------------------
---------------------------------------------------------------------------------
Finished RTL Optimization Phase 2 : Time (s): cpu = 00:00:08 ; elapsed = 00:00:09 . Memory (MB): peak = 2462.602 ; gain = 707.742 ; free physical = 44344 ; free virtual = 58099
---------------------------------------------------------------------------------
---------------------------------------------------------------------------------
Start RTL Component Statistics 
---------------------------------------------------------------------------------
Detailed RTL Component Info : 
+---Adders : 
	   2 Input    6 Bit       Adders := 1     
+---Registers : 
	                6 Bit    Registers := 1     
	                4 Bit    Registers := 2     
	                3 Bit    Registers := 3     
	                1 Bit    Registers := 14    
+---Muxes : 
	   2 Input    6 Bit        Muxes := 1     
	   2 Input    1 Bit        Muxes := 1     
---------------------------------------------------------------------------------
Finished RTL Component Statistics 
---------------------------------------------------------------------------------
---------------------------------------------------------------------------------
Start Part Resource Summary
---------------------------------------------------------------------------------
Part Resources:
DSPs: 240 (col length:80)
BRAMs: 270 (col length: RAMB18 80 RAMB36 40)
---------------------------------------------------------------------------------
Finished Part Resource Summary
---------------------------------------------------------------------------------
---------------------------------------------------------------------------------
Start Cross Boundary and Area Optimization
---------------------------------------------------------------------------------
INFO: [Synth 8-7129] Port src_clk in module xpm_cdc_single is either unconnected or has no load
---------------------------------------------------------------------------------
Finished Cross Boundary and Area Optimization : Time (s): cpu = 00:00:09 ; elapsed = 00:00:09 . Memory (MB): peak = 2462.602 ; gain = 707.742 ; free physical = 44234 ; free virtual = 57989
---------------------------------------------------------------------------------
---------------------------------------------------------------------------------
Start Applying XDC Timing Constraints
---------------------------------------------------------------------------------
---------------------------------------------------------------------------------
Finished Applying XDC Timing Constraints : Time (s): cpu = 00:00:12 ; elapsed = 00:00:13 . Memory (MB): peak = 2506.602 ; gain = 751.742 ; free physical = 44038 ; free virtual = 57786
---------------------------------------------------------------------------------
---------------------------------------------------------------------------------
Start Timing Optimization
---------------------------------------------------------------------------------
---------------------------------------------------------------------------------
Finished Timing Optimization : Time (s): cpu = 00:00:12 ; elapsed = 00:00:13 . Memory (MB): peak = 2506.602 ; gain = 751.742 ; free physical = 44038 ; free virtual = 57786
---------------------------------------------------------------------------------
---------------------------------------------------------------------------------
Start Technology Mapping
---------------------------------------------------------------------------------
---------------------------------------------------------------------------------
Finished Technology Mapping : Time (s): cpu = 00:00:12 ; elapsed = 00:00:13 . Memory (MB): peak = 2534.648 ; gain = 779.789 ; free physical = 44015 ; free virtual = 57762
---------------------------------------------------------------------------------
---------------------------------------------------------------------------------
Start IO Insertion
---------------------------------------------------------------------------------
---------------------------------------------------------------------------------
Start Flattening Before IO Insertion
---------------------------------------------------------------------------------
---------------------------------------------------------------------------------
Finished Flattening Before IO Insertion
---------------------------------------------------------------------------------
---------------------------------------------------------------------------------
Start Final Netlist Cleanup
---------------------------------------------------------------------------------
---------------------------------------------------------------------------------
Finished Final Netlist Cleanup
---------------------------------------------------------------------------------
---------------------------------------------------------------------------------
Finished IO Insertion : Time (s): cpu = 00:00:15 ; elapsed = 00:00:15 . Memory (MB): peak = 2702.461 ; gain = 947.602 ; free physical = 43739 ; free virtual = 57510
---------------------------------------------------------------------------------
---------------------------------------------------------------------------------
Start Renaming Generated Instances
---------------------------------------------------------------------------------
---------------------------------------------------------------------------------
Finished Renaming Generated Instances : Time (s): cpu = 00:00:15 ; elapsed = 00:00:15 . Memory (MB): peak = 2702.461 ; gain = 947.602 ; free physical = 43739 ; free virtual = 57510
---------------------------------------------------------------------------------
---------------------------------------------------------------------------------
Start Rebuilding User Hierarchy
---------------------------------------------------------------------------------
---------------------------------------------------------------------------------
Finished Rebuilding User Hierarchy : Time (s): cpu = 00:00:15 ; elapsed = 00:00:15 . Memory (MB): peak = 2702.461 ; gain = 947.602 ; free physical = 43739 ; free virtual = 57511
---------------------------------------------------------------------------------
---------------------------------------------------------------------------------
Start Renaming Generated Ports
---------------------------------------------------------------------------------
---------------------------------------------------------------------------------
Finished Renaming Generated Ports : Time (s): cpu = 00:00:15 ; elapsed = 00:00:15 . Memory (MB): peak = 2702.461 ; gain = 947.602 ; free physical = 43739 ; free virtual = 57511
---------------------------------------------------------------------------------
---------------------------------------------------------------------------------
Start Handling Custom Attributes
---------------------------------------------------------------------------------
---------------------------------------------------------------------------------
Finished Handling Custom Attributes : Time (s): cpu = 00:00:15 ; elapsed = 00:00:15 . Memory (MB): peak = 2702.461 ; gain = 947.602 ; free physical = 43739 ; free virtual = 57511
---------------------------------------------------------------------------------
---------------------------------------------------------------------------------
Start Renaming Generated Nets
---------------------------------------------------------------------------------
---------------------------------------------------------------------------------
Finished Renaming Generated Nets : Time (s): cpu = 00:00:15 ; elapsed = 00:00:15 . Memory (MB): peak = 2702.461 ; gain = 947.602 ; free physical = 43739 ; free virtual = 57511
---------------------------------------------------------------------------------
---------------------------------------------------------------------------------
Start Writing Synthesis Report
---------------------------------------------------------------------------------

Report BlackBoxes: 
+-+--------------+----------+
| |BlackBox name |Instances |
+-+--------------+----------+
+-+--------------+----------+

Report Cell Usage: 
+------+------+------+
|      |Cell  |Count |
+------+------+------+
|1     |LUT1  |     5|
|2     |LUT2  |     9|
|3     |LUT3  |     1|
|4     |LUT4  |     6|
|5     |LUT5  |     3|
|6     |LUT6  |     1|
|7     |SRL16 |     1|
|8     |FDRE  |    36|
|9     |FDSE  |     4|
+------+------+------+
---------------------------------------------------------------------------------
Finished Writing Synthesis Report : Time (s): cpu = 00:00:15 ; elapsed = 00:00:15 . Memory (MB): peak = 2702.461 ; gain = 947.602 ; free physical = 43739 ; free virtual = 57511
---------------------------------------------------------------------------------
Synthesis finished with 0 errors, 0 critical warnings and 0 warnings.
Synthesis Optimization Runtime : Time (s): cpu = 00:00:13 ; elapsed = 00:00:14 . Memory (MB): peak = 2702.461 ; gain = 836.797 ; free physical = 43731 ; free virtual = 57509
Synthesis Optimization Complete : Time (s): cpu = 00:00:15 ; elapsed = 00:00:15 . Memory (MB): peak = 2702.469 ; gain = 947.602 ; free physical = 43731 ; free virtual = 57510
INFO: [Project 1-571] Translating synthesized netlist
Netlist sorting complete. Time (s): cpu = 00:00:00 ; elapsed = 00:00:00 . Memory (MB): peak = 2702.469 ; gain = 0.000 ; free physical = 43731 ; free virtual = 57510
INFO: [Netlist 29-17] Analyzing 1 Unisim elements for replacement
INFO: [Netlist 29-28] Unisim Transformation completed in 0 CPU seconds
INFO: [Project 1-570] Preparing netlist for logic optimization
INFO: [Opt 31-138] Pushed 0 inverter(s) to 0 load pin(s).
Netlist sorting complete. Time (s): cpu = 00:00:00 ; elapsed = 00:00:00 . Memory (MB): peak = 2758.488 ; gain = 0.000 ; free physical = 43861 ; free virtual = 57696
INFO: [Project 1-111] Unisim Transformation Summary:
  A total of 1 instances were transformed.
  SRL16 => SRL16E: 1 instance 

Synth Design complete | Checksum: 6926bc39
INFO: [Common 17-83] Releasing license: Synthesis
44 Infos, 0 Warnings, 0 Critical Warnings and 0 Errors encountered.
synth_design completed successfully
synth_design: Time (s): cpu = 00:00:19 ; elapsed = 00:00:17 . Memory (MB): peak = 2758.523 ; gain = 1121.938 ; free physical = 43889 ; free virtual = 57654
INFO: [Common 17-2834] synth_design peak Physical Memory [PSS] (MB): overall = 1654.857; main = 1654.857; forked = 216.496
INFO: [Common 17-2834] synth_design peak Virtual Memory [VSS] (MB): overall = 3483.918; main = 2758.492; forked = 1021.312
Write ShapeDB Complete: Time (s): cpu = 00:00:00 ; elapsed = 00:00:00 . Memory (MB): peak = 2782.500 ; gain = 0.000 ; free physical = 43889 ; free virtual = 57654
INFO: [Common 17-1381] The checkpoint '/home/kokunev/data/git_root/laser_board_xdma_plus_ddr/project_1/project_1.runs/design_1_proc_sys_reset_0_0_synth_1/design_1_proc_sys_reset_0_0.dcp' has been generated.
INFO: [Coretcl 2-1648] Added synthesis output to IP cache for IP design_1_proc_sys_reset_0_0, cache-ID = 36704d323541e038
INFO: [Coretcl 2-1174] Renamed 6 cell refs.
Write ShapeDB Complete: Time (s): cpu = 00:00:00 ; elapsed = 00:00:00 . Memory (MB): peak = 2782.500 ; gain = 0.000 ; free physical = 43877 ; free virtual = 57642
INFO: [Common 17-1381] The checkpoint '/home/kokunev/data/git_root/laser_board_xdma_plus_ddr/project_1/project_1.runs/design_1_proc_sys_reset_0_0_synth_1/design_1_proc_sys_reset_0_0.dcp' has been generated.
INFO: [Vivado 12-24828] Executing command : report_utilization -file design_1_proc_sys_reset_0_0_utilization_synth.rpt -pb design_1_proc_sys_reset_0_0_utilization_synth.pb
INFO: [Common 17-206] Exiting Vivado at Fri Jun 26 13:44:11 2026...
